Wed Oct 10 23:49:16 ART 2007  [debug] AvalonLogSystem initialized using logfile 'velocity.log'
Wed Oct 10 23:49:16 ART 2007   [info] ************************************************************** 
Wed Oct 10 23:49:16 ART 2007   [info] Starting Jakarta Velocity v1.4
Wed Oct 10 23:49:16 ART 2007   [info] RuntimeInstance initializing.
Wed Oct 10 23:49:16 ART 2007   [info] Default Properties File: org\apache\velocity\runtime\defaults\velocity.properties
Wed Oct 10 23:49:16 ART 2007   [info] Trying to use logger class org.apache.velocity.runtime.log.AvalonLogSystem
Wed Oct 10 23:49:16 ART 2007   [info] Using logger class org.apache.velocity.runtime.log.AvalonLogSystem
Wed Oct 10 23:49:16 ART 2007   [info] Default ResourceManager initializing. (class org.apache.velocity.runtime.resource.ResourceManagerImpl)
Wed Oct 10 23:49:16 ART 2007   [info] Resource Loader Instantiated: org.apache.velocity.runtime.resource.loader.ClasspathResourceLoader
Wed Oct 10 23:49:16 ART 2007   [info] ClasspathResourceLoader : initialization starting.
Wed Oct 10 23:49:16 ART 2007   [info] ClasspathResourceLoader : initialization complete.
Wed Oct 10 23:49:16 ART 2007   [info] Resource Loader Instantiated: org.apache.velocity.tools.view.servlet.WebappLoader
Wed Oct 10 23:49:16 ART 2007   [info] WebappLoader : initialization starting.
Wed Oct 10 23:49:16 ART 2007   [info] WebappLoader : initialization complete.
Wed Oct 10 23:49:16 ART 2007   [info] ResourceCache : initialized. (class org.apache.velocity.runtime.resource.ResourceCacheImpl)
Wed Oct 10 23:49:16 ART 2007   [info] Default ResourceManager initialization complete.
Wed Oct 10 23:49:16 ART 2007   [info] Loaded System Directive: org.apache.velocity.runtime.directive.Literal
Wed Oct 10 23:49:16 ART 2007   [info] Loaded System Directive: org.apache.velocity.runtime.directive.Macro
Wed Oct 10 23:49:16 ART 2007   [info] Loaded System Directive: org.apache.velocity.runtime.directive.Parse
Wed Oct 10 23:49:16 ART 2007   [info] Loaded System Directive: org.apache.velocity.runtime.directive.Include
Wed Oct 10 23:49:16 ART 2007   [info] Loaded System Directive: org.apache.velocity.runtime.directive.Foreach
Wed Oct 10 23:49:16 ART 2007   [info] Loaded User Directive: net.sf.navigator.displayer.LocalDirective
Wed Oct 10 23:49:16 ART 2007   [info] Created: 20 parsers.
Wed Oct 10 23:49:16 ART 2007   [info] Velocimacro : initialization starting.
Wed Oct 10 23:49:16 ART 2007   [info] Velocimacro : adding VMs from VM library template : net/sf/navigator/displayer/globalMacros.vm
Wed Oct 10 23:49:16 ART 2007   [info] Velocimacro : added new VM : #eval( _macro ) : source = net/sf/navigator/displayer/globalMacros.vm
Wed Oct 10 23:49:16 ART 2007   [info] Velocimacro : added new VM : #displayMenu( menu level ) : source = net/sf/navigator/displayer/globalMacros.vm
Wed Oct 10 23:49:16 ART 2007   [info] ResourceManager : found net/sf/navigator/displayer/globalMacros.vm with loader org.apache.velocity.runtime.resource.loader.ClasspathResourceLoader
Wed Oct 10 23:49:16 ART 2007   [info] Velocimacro :  VM library template macro registration complete.
Wed Oct 10 23:49:16 ART 2007   [info] Velocimacro : adding VMs from VM library template : menuMacros.vm
Wed Oct 10 23:49:16 ART 2007  [error] ResourceManager : unable to find resource 'menuMacros.vm' in any resource loader.
Wed Oct 10 23:49:16 ART 2007   [info] Velocimacro : error using  VM library template menuMacros.vm : org.apache.velocity.exception.ResourceNotFoundException: Unable to find resource 'menuMacros.vm'
Wed Oct 10 23:49:16 ART 2007   [info] Velocimacro :  VM library template macro registration complete.
Wed Oct 10 23:49:16 ART 2007   [info] Velocimacro : allowInline = true : VMs can be defined inline in templates
Wed Oct 10 23:49:16 ART 2007   [info] Velocimacro : allowInlineToOverride = true : VMs defined inline may replace previous VM definitions
Wed Oct 10 23:49:16 ART 2007   [info] Velocimacro : allowInlineLocal = false : VMs defined inline will be  global in scope if allowed.
Wed Oct 10 23:49:16 ART 2007   [info] Velocimacro : messages on  : VM system will output logging messages
Wed Oct 10 23:49:16 ART 2007   [info] Velocimacro : autoload on  : VM system will automatically reload global library macros
Wed Oct 10 23:49:16 ART 2007   [info] Velocimacro : initialization complete.
Wed Oct 10 23:49:16 ART 2007   [info] Velocity successfully started.
Thu Oct 11 00:10:31 ART 2007   [info] Velocimacro : added new VM : #displayCssMenu( menu ) : source = cssHorizontalMenu.vm
Thu Oct 11 00:10:31 ART 2007  [error] VM #displayCssMenu: error : too few arguments to macro. Wanted 1 got 0
Thu Oct 11 00:10:31 ART 2007   [info] ResourceManager : found cssHorizontalMenu.vm with loader org.apache.velocity.runtime.resource.loader.ClasspathResourceLoader
Thu Oct 11 00:10:31 ART 2007  [error] Left side ($count) of addition operation has null value. Operation not possible. cssHorizontalMenu.vm [line 2, column 28]
Thu Oct 11 00:10:31 ART 2007  [error] RHS of #set statement is null. Context will not be modified. cssHorizontalMenu.vm [line 2, column 1]
Thu Oct 11 00:10:31 ART 2007  [error] Left side ($count) of '==' operation has null value. If a reference, it may not be in the context. Operation not possible. cssHorizontalMenu.vm [line 9, column 23]
Thu Oct 11 00:10:31 ART 2007  [error] Left side ($count) of '==' operation has null value. If a reference, it may not be in the context. Operation not possible. cssHorizontalMenu.vm [line 55, column 21]
Thu Oct 11 00:10:31 ART 2007  [error] Left side ($count) of addition operation has null value. Operation not possible. cssHorizontalMenu.vm [line 2, column 28]
Thu Oct 11 00:10:31 ART 2007  [error] RHS of #set statement is null. Context will not be modified. cssHorizontalMenu.vm [line 2, column 1]
Thu Oct 11 00:10:31 ART 2007  [error] Left side ($count) of '==' operation has null value. If a reference, it may not be in the context. Operation not possible. cssHorizontalMenu.vm [line 9, column 23]
Thu Oct 11 00:10:31 ART 2007  [error] Left side ($count) of '==' operation has null value. If a reference, it may not be in the context. Operation not possible. cssHorizontalMenu.vm [line 55, column 21]
Thu Oct 11 00:10:31 ART 2007  [error] Left side ($count) of addition operation has null value. Operation not possible. cssHorizontalMenu.vm [line 2, column 28]
Thu Oct 11 00:10:31 ART 2007  [error] RHS of #set statement is null. Context will not be modified. cssHorizontalMenu.vm [line 2, column 1]
Thu Oct 11 00:10:31 ART 2007  [error] Left side ($count) of addition operation has null value. Operation not possible. cssHorizontalMenu.vm [line 2, column 28]
Thu Oct 11 00:10:31 ART 2007  [error] RHS of #set statement is null. Context will not be modified. cssHorizontalMenu.vm [line 2, column 1]
Thu Oct 11 00:10:31 ART 2007  [error] Left side ($count) of '==' operation has null value. If a reference, it may not be in the context. Operation not possible. cssHorizontalMenu.vm [line 9, column 23]
Thu Oct 11 00:10:31 ART 2007  [error] Left side ($count) of '==' operation has null value. If a reference, it may not be in the context. Operation not possible. cssHorizontalMenu.vm [line 55, column 21]
Thu Oct 11 00:10:32 ART 2007  [error] Left side ($count) of addition operation has null value. Operation not possible. cssHorizontalMenu.vm [line 2, column 28]
Thu Oct 11 00:10:32 ART 2007  [error] RHS of #set statement is null. Context will not be modified. cssHorizontalMenu.vm [line 2, column 1]
Thu Oct 11 00:10:32 ART 2007  [error] Left side ($count) of '==' operation has null value. If a reference, it may not be in the context. Operation not possible. cssHorizontalMenu.vm [line 9, column 23]
Thu Oct 11 00:10:32 ART 2007  [error] Left side ($count) of '==' operation has null value. If a reference, it may not be in the context. Operation not possible. cssHorizontalMenu.vm [line 55, column 21]
Thu Oct 11 00:10:32 ART 2007  [error] Left side ($count) of addition operation has null value. Operation not possible. cssHorizontalMenu.vm [line 2, column 28]
Thu Oct 11 00:10:32 ART 2007  [error] RHS of #set statement is null. Context will not be modified. cssHorizontalMenu.vm [line 2, column 1]
Thu Oct 11 00:10:32 ART 2007  [error] Left side ($count) of '==' operation has null value. If a reference, it may not be in the context. Operation not possible. cssHorizontalMenu.vm [line 9, column 23]
Thu Oct 11 00:10:32 ART 2007  [error] Left side ($count) of '==' operation has null value. If a reference, it may not be in the context. Operation not possible. cssHorizontalMenu.vm [line 55, column 21]
Thu Oct 11 00:10:32 ART 2007  [error] Left side ($count) of addition operation has null value. Operation not possible. cssHorizontalMenu.vm [line 2, column 28]
Thu Oct 11 00:10:32 ART 2007  [error] RHS of #set statement is null. Context will not be modified. cssHorizontalMenu.vm [line 2, column 1]
Thu Oct 11 00:10:32 ART 2007  [error] Left side ($count) of addition operation has null value. Operation not possible. cssHorizontalMenu.vm [line 2, column 28]
Thu Oct 11 00:10:32 ART 2007  [error] RHS of #set statement is null. Context will not be modified. cssHorizontalMenu.vm [line 2, column 1]
Thu Oct 11 00:10:32 ART 2007  [error] Left side ($count) of '==' operation has null value. If a reference, it may not be in the context. Operation not possible. cssHorizontalMenu.vm [line 9, column 23]
Thu Oct 11 00:10:32 ART 2007  [error] Left side ($count) of '==' operation has null value. If a reference, it may not be in the context. Operation not possible. cssHorizontalMenu.vm [line 55, column 21]
Thu Oct 11 00:10:51 ART 2007  [error] Left side ($count) of addition operation has null value. Operation not possible. cssHorizontalMenu.vm [line 2, column 28]
Thu Oct 11 00:10:51 ART 2007  [error] RHS of #set statement is null. Context will not be modified. cssHorizontalMenu.vm [line 2, column 1]
Thu Oct 11 00:10:51 ART 2007  [error] Left side ($count) of '==' operation has null value. If a reference, it may not be in the context. Operation not possible. cssHorizontalMenu.vm [line 9, column 23]
Thu Oct 11 00:10:51 ART 2007  [error] Left side ($count) of '==' operation has null value. If a reference, it may not be in the context. Operation not possible. cssHorizontalMenu.vm [line 55, column 21]
Thu Oct 11 00:10:51 ART 2007  [error] Left side ($count) of addition operation has null value. Operation not possible. cssHorizontalMenu.vm [line 2, column 28]
Thu Oct 11 00:10:51 ART 2007  [error] RHS of #set statement is null. Context will not be modified. cssHorizontalMenu.vm [line 2, column 1]
Thu Oct 11 00:10:51 ART 2007  [error] Left side ($count) of '==' operation has null value. If a reference, it may not be in the context. Operation not possible. cssHorizontalMenu.vm [line 9, column 23]
Thu Oct 11 00:10:51 ART 2007  [error] Left side ($count) of '==' operation has null value. If a reference, it may not be in the context. Operation not possible. cssHorizontalMenu.vm [line 55, column 21]
Thu Oct 11 00:10:51 ART 2007  [error] Left side ($count) of addition operation has null value. Operation not possible. cssHorizontalMenu.vm [line 2, column 28]
Thu Oct 11 00:10:51 ART 2007  [error] RHS of #set statement is null. Context will not be modified. cssHorizontalMenu.vm [line 2, column 1]
Thu Oct 11 00:10:51 ART 2007  [error] Left side ($count) of '==' operation has null value. If a reference, it may not be in the context. Operation not possible. cssHorizontalMenu.vm [line 9, column 23]
Thu Oct 11 00:10:51 ART 2007  [error] Left side ($count) of '==' operation has null value. If a reference, it may not be in the context. Operation not possible. cssHorizontalMenu.vm [line 55, column 21]
Thu Oct 11 00:10:51 ART 2007  [error] Left side ($count) of addition operation has null value. Operation not possible. cssHorizontalMenu.vm [line 2, column 28]
Thu Oct 11 00:10:51 ART 2007  [error] RHS of #set statement is null. Context will not be modified. cssHorizontalMenu.vm [line 2, column 1]
Thu Oct 11 00:10:51 ART 2007  [error] Left side ($count) of '==' operation has null value. If a reference, it may not be in the context. Operation not possible. cssHorizontalMenu.vm [line 9, column 23]
Thu Oct 11 00:10:51 ART 2007  [error] Left side ($count) of '==' operation has null value. If a reference, it may not be in the context. Operation not possible. cssHorizontalMenu.vm [line 55, column 21]
Thu Oct 11 00:10:51 ART 2007  [error] Left side ($count) of addition operation has null value. Operation not possible. cssHorizontalMenu.vm [line 2, column 28]
Thu Oct 11 00:10:51 ART 2007  [error] RHS of #set statement is null. Context will not be modified. cssHorizontalMenu.vm [line 2, column 1]
Thu Oct 11 00:10:51 ART 2007  [error] Left side ($count) of '==' operation has null value. If a reference, it may not be in the context. Operation not possible. cssHorizontalMenu.vm [line 9, column 23]
Thu Oct 11 00:10:51 ART 2007  [error] Left side ($count) of '==' operation has null value. If a reference, it may not be in the context. Operation not possible. cssHorizontalMenu.vm [line 55, column 21]
Thu Oct 11 00:10:51 ART 2007  [error] Left side ($count) of addition operation has null value. Operation not possible. cssHorizontalMenu.vm [line 2, column 28]
Thu Oct 11 00:10:51 ART 2007  [error] RHS of #set statement is null. Context will not be modified. cssHorizontalMenu.vm [line 2, column 1]
Thu Oct 11 00:10:51 ART 2007  [error] Left side ($count) of addition operation has null value. Operation not possible. cssHorizontalMenu.vm [line 2, column 28]
Thu Oct 11 00:10:51 ART 2007  [error] RHS of #set statement is null. Context will not be modified. cssHorizontalMenu.vm [line 2, column 1]
Thu Oct 11 00:10:51 ART 2007  [error] Left side ($count) of '==' operation has null value. If a reference, it may not be in the context. Operation not possible. cssHorizontalMenu.vm [line 9, column 23]
Thu Oct 11 00:10:51 ART 2007  [error] Left side ($count) of '==' operation has null value. If a reference, it may not be in the context. Operation not possible. cssHorizontalMenu.vm [line 55, column 21]
Thu Oct 11 00:10:51 ART 2007  [error] Left side ($count) of addition operation has null value. Operation not possible. cssHorizontalMenu.vm [line 2, column 28]
Thu Oct 11 00:10:51 ART 2007  [error] RHS of #set statement is null. Context will not be modified. cssHorizontalMenu.vm [line 2, column 1]
Thu Oct 11 00:10:51 ART 2007  [error] Left side ($count) of '==' operation has null value. If a reference, it may not be in the context. Operation not possible. cssHorizontalMenu.vm [line 9, column 23]
Thu Oct 11 00:10:51 ART 2007  [error] Left side ($count) of '==' operation has null value. If a reference, it may not be in the context. Operation not possible. cssHorizontalMenu.vm [line 55, column 21]
Thu Oct 11 00:10:51 ART 2007  [error] Left side ($count) of addition operation has null value. Operation not possible. cssHorizontalMenu.vm [line 2, column 28]
Thu Oct 11 00:10:51 ART 2007  [error] RHS of #set statement is null. Context will not be modified. cssHorizontalMenu.vm [line 2, column 1]
Thu Oct 11 00:10:51 ART 2007  [error] Left side ($count) of '==' operation has null value. If a reference, it may not be in the context. Operation not possible. cssHorizontalMenu.vm [line 9, column 23]
Thu Oct 11 00:10:51 ART 2007  [error] Left side ($count) of '==' operation has null value. If a reference, it may not be in the context. Operation not possible. cssHorizontalMenu.vm [line 55, column 21]
Thu Oct 11 00:10:51 ART 2007  [error] Left side ($count) of addition operation has null value. Operation not possible. cssHorizontalMenu.vm [line 2, column 28]
Thu Oct 11 00:10:51 ART 2007  [error] RHS of #set statement is null. Context will not be modified. cssHorizontalMenu.vm [line 2, column 1]
Thu Oct 11 00:10:51 ART 2007  [error] Left side ($count) of addition operation has null value. Operation not possible. cssHorizontalMenu.vm [line 2, column 28]
Thu Oct 11 00:10:51 ART 2007  [error] RHS of #set statement is null. Context will not be modified. cssHorizontalMenu.vm [line 2, column 1]
Thu Oct 11 00:10:51 ART 2007  [error] Left side ($count) of '==' operation has null value. If a reference, it may not be in the context. Operation not possible. cssHorizontalMenu.vm [line 9, column 23]
Thu Oct 11 00:10:51 ART 2007  [error] Left side ($count) of '==' operation has null value. If a reference, it may not be in the context. Operation not possible. cssHorizontalMenu.vm [line 55, column 21]
Thu Oct 11 00:10:52 ART 2007  [error] Left side ($count) of addition operation has null value. Operation not possible. cssHorizontalMenu.vm [line 2, column 28]
Thu Oct 11 00:10:52 ART 2007  [error] RHS of #set statement is null. Context will not be modified. cssHorizontalMenu.vm [line 2, column 1]
Thu Oct 11 00:10:52 ART 2007  [error] Left side ($count) of '==' operation has null value. If a reference, it may not be in the context. Operation not possible. cssHorizontalMenu.vm [line 9, column 23]
Thu Oct 11 00:10:52 ART 2007  [error] Left side ($count) of '==' operation has null value. If a reference, it may not be in the context. Operation not possible. cssHorizontalMenu.vm [line 55, column 21]
Thu Oct 11 00:10:52 ART 2007  [error] Left side ($count) of addition operation has null value. Operation not possible. cssHorizontalMenu.vm [line 2, column 28]
Thu Oct 11 00:10:52 ART 2007  [error] RHS of #set statement is null. Context will not be modified. cssHorizontalMenu.vm [line 2, column 1]
Thu Oct 11 00:10:52 ART 2007  [error] Left side ($count) of '==' operation has null value. If a reference, it may not be in the context. Operation not possible. cssHorizontalMenu.vm [line 9, column 23]
Thu Oct 11 00:10:52 ART 2007  [error] Left side ($count) of '==' operation has null value. If a reference, it may not be in the context. Operation not possible. cssHorizontalMenu.vm [line 55, column 21]
Thu Oct 11 00:10:52 ART 2007  [error] Left side ($count) of addition operation has null value. Operation not possible. cssHorizontalMenu.vm [line 2, column 28]
Thu Oct 11 00:10:52 ART 2007  [error] RHS of #set statement is null. Context will not be modified. cssHorizontalMenu.vm [line 2, column 1]
Thu Oct 11 00:10:52 ART 2007  [error] Left side ($count) of addition operation has null value. Operation not possible. cssHorizontalMenu.vm [line 2, column 28]
Thu Oct 11 00:10:52 ART 2007  [error] RHS of #set statement is null. Context will not be modified. cssHorizontalMenu.vm [line 2, column 1]
Thu Oct 11 00:10:52 ART 2007  [error] Left side ($count) of '==' operation has null value. If a reference, it may not be in the context. Operation not possible. cssHorizontalMenu.vm [line 9, column 23]
Thu Oct 11 00:10:52 ART 2007  [error] Left side ($count) of '==' operation has null value. If a reference, it may not be in the context. Operation not possible. cssHorizontalMenu.vm [line 55, column 21]
Thu Oct 11 00:10:53 ART 2007  [error] Left side ($count) of addition operation has null value. Operation not possible. cssHorizontalMenu.vm [line 2, column 28]
Thu Oct 11 00:10:53 ART 2007  [error] RHS of #set statement is null. Context will not be modified. cssHorizontalMenu.vm [line 2, column 1]
Thu Oct 11 00:10:53 ART 2007  [error] Left side ($count) of '==' operation has null value. If a reference, it may not be in the context. Operation not possible. cssHorizontalMenu.vm [line 9, column 23]
Thu Oct 11 00:10:53 ART 2007  [error] Left side ($count) of '==' operation has null value. If a reference, it may not be in the context. Operation not possible. cssHorizontalMenu.vm [line 55, column 21]
Thu Oct 11 00:10:53 ART 2007  [error] Left side ($count) of addition operation has null value. Operation not possible. cssHorizontalMenu.vm [line 2, column 28]
Thu Oct 11 00:10:53 ART 2007  [error] RHS of #set statement is null. Context will not be modified. cssHorizontalMenu.vm [line 2, column 1]
Thu Oct 11 00:10:53 ART 2007  [error] Left side ($count) of '==' operation has null value. If a reference, it may not be in the context. Operation not possible. cssHorizontalMenu.vm [line 9, column 23]
Thu Oct 11 00:10:53 ART 2007  [error] Left side ($count) of '==' operation has null value. If a reference, it may not be in the context. Operation not possible. cssHorizontalMenu.vm [line 55, column 21]
Thu Oct 11 00:10:53 ART 2007  [error] Left side ($count) of addition operation has null value. Operation not possible. cssHorizontalMenu.vm [line 2, column 28]
Thu Oct 11 00:10:53 ART 2007  [error] RHS of #set statement is null. Context will not be modified. cssHorizontalMenu.vm [line 2, column 1]
Thu Oct 11 00:10:53 ART 2007  [error] Left side ($count) of addition operation has null value. Operation not possible. cssHorizontalMenu.vm [line 2, column 28]
Thu Oct 11 00:10:53 ART 2007  [error] RHS of #set statement is null. Context will not be modified. cssHorizontalMenu.vm [line 2, column 1]
Thu Oct 11 00:10:53 ART 2007  [error] Left side ($count) of '==' operation has null value. If a reference, it may not be in the context. Operation not possible. cssHorizontalMenu.vm [line 9, column 23]
Thu Oct 11 00:10:53 ART 2007  [error] Left side ($count) of '==' operation has null value. If a reference, it may not be in the context. Operation not possible. cssHorizontalMenu.vm [line 55, column 21]
Thu Oct 11 00:10:55 ART 2007   [info] Velocimacro : added new VM : #displayCssMenu( menu ) : source = cssVerticalMenu.vm
Thu Oct 11 00:10:55 ART 2007   [info] ResourceManager : found cssVerticalMenu.vm with loader org.apache.velocity.runtime.resource.loader.ClasspathResourceLoader
Thu Oct 11 00:10:55 ART 2007  [error] Left side ($count) of addition operation has null value. Operation not possible. cssHorizontalMenu.vm [line 2, column 28]
Thu Oct 11 00:10:55 ART 2007  [error] RHS of #set statement is null. Context will not be modified. cssHorizontalMenu.vm [line 2, column 1]
Thu Oct 11 00:10:55 ART 2007  [error] Left side ($count) of '==' operation has null value. If a reference, it may not be in the context. Operation not possible. cssHorizontalMenu.vm [line 9, column 23]
Thu Oct 11 00:10:55 ART 2007  [error] Left side ($count) of '==' operation has null value. If a reference, it may not be in the context. Operation not possible. cssHorizontalMenu.vm [line 55, column 21]
Thu Oct 11 00:10:55 ART 2007  [error] Left side ($count) of addition operation has null value. Operation not possible. cssHorizontalMenu.vm [line 2, column 28]
Thu Oct 11 00:10:55 ART 2007  [error] RHS of #set statement is null. Context will not be modified. cssHorizontalMenu.vm [line 2, column 1]
Thu Oct 11 00:10:55 ART 2007  [error] Left side ($count) of '==' operation has null value. If a reference, it may not be in the context. Operation not possible. cssHorizontalMenu.vm [line 9, column 23]
Thu Oct 11 00:10:55 ART 2007  [error] Left side ($count) of '==' operation has null value. If a reference, it may not be in the context. Operation not possible. cssHorizontalMenu.vm [line 55, column 21]
Thu Oct 11 00:10:55 ART 2007  [error] Left side ($count) of addition operation has null value. Operation not possible. cssHorizontalMenu.vm [line 2, column 28]
Thu Oct 11 00:10:55 ART 2007  [error] RHS of #set statement is null. Context will not be modified. cssHorizontalMenu.vm [line 2, column 1]
Thu Oct 11 00:10:55 ART 2007  [error] Left side ($count) of addition operation has null value. Operation not possible. cssHorizontalMenu.vm [line 2, column 28]
Thu Oct 11 00:10:55 ART 2007  [error] RHS of #set statement is null. Context will not be modified. cssHorizontalMenu.vm [line 2, column 1]
Thu Oct 11 00:10:55 ART 2007  [error] Left side ($count) of '==' operation has null value. If a reference, it may not be in the context. Operation not possible. cssHorizontalMenu.vm [line 9, column 23]
Thu Oct 11 00:10:55 ART 2007  [error] Left side ($count) of '==' operation has null value. If a reference, it may not be in the context. Operation not possible. cssHorizontalMenu.vm [line 55, column 21]
Thu Oct 11 00:10:55 ART 2007  [error] Left side ($count) of addition operation has null value. Operation not possible. cssHorizontalMenu.vm [line 2, column 28]
Thu Oct 11 00:10:55 ART 2007  [error] RHS of #set statement is null. Context will not be modified. cssHorizontalMenu.vm [line 2, column 1]
Thu Oct 11 00:10:55 ART 2007  [error] Left side ($count) of '==' operation has null value. If a reference, it may not be in the context. Operation not possible. cssHorizontalMenu.vm [line 9, column 23]
Thu Oct 11 00:10:55 ART 2007  [error] Left side ($count) of '==' operation has null value. If a reference, it may not be in the context. Operation not possible. cssHorizontalMenu.vm [line 55, column 21]
Thu Oct 11 00:10:55 ART 2007  [error] Left side ($count) of addition operation has null value. Operation not possible. cssHorizontalMenu.vm [line 2, column 28]
Thu Oct 11 00:10:55 ART 2007  [error] RHS of #set statement is null. Context will not be modified. cssHorizontalMenu.vm [line 2, column 1]
Thu Oct 11 00:10:55 ART 2007  [error] Left side ($count) of '==' operation has null value. If a reference, it may not be in the context. Operation not possible. cssHorizontalMenu.vm [line 9, column 23]
Thu Oct 11 00:10:55 ART 2007  [error] Left side ($count) of '==' operation has null value. If a reference, it may not be in the context. Operation not possible. cssHorizontalMenu.vm [line 55, column 21]
Thu Oct 11 00:10:55 ART 2007  [error] Left side ($count) of addition operation has null value. Operation not possible. cssHorizontalMenu.vm [line 2, column 28]
Thu Oct 11 00:10:55 ART 2007  [error] RHS of #set statement is null. Context will not be modified. cssHorizontalMenu.vm [line 2, column 1]
Thu Oct 11 00:10:55 ART 2007  [error] Left side ($count) of addition operation has null value. Operation not possible. cssHorizontalMenu.vm [line 2, column 28]
Thu Oct 11 00:10:55 ART 2007  [error] RHS of #set statement is null. Context will not be modified. cssHorizontalMenu.vm [line 2, column 1]
Thu Oct 11 00:10:55 ART 2007  [error] Left side ($count) of '==' operation has null value. If a reference, it may not be in the context. Operation not possible. cssHorizontalMenu.vm [line 9, column 23]
Thu Oct 11 00:10:55 ART 2007  [error] Left side ($count) of '==' operation has null value. If a reference, it may not be in the context. Operation not possible. cssHorizontalMenu.vm [line 55, column 21]
Thu Oct 11 00:10:55 ART 2007  [error] Left side ($count) of addition operation has null value. Operation not possible. cssHorizontalMenu.vm [line 2, column 28]
Thu Oct 11 00:10:55 ART 2007  [error] RHS of #set statement is null. Context will not be modified. cssHorizontalMenu.vm [line 2, column 1]
Thu Oct 11 00:10:55 ART 2007  [error] Left side ($count) of '==' operation has null value. If a reference, it may not be in the context. Operation not possible. cssHorizontalMenu.vm [line 9, column 23]
Thu Oct 11 00:10:55 ART 2007  [error] Left side ($count) of '==' operation has null value. If a reference, it may not be in the context. Operation not possible. cssHorizontalMenu.vm [line 55, column 21]
Thu Oct 11 00:10:55 ART 2007  [error] Left side ($count) of addition operation has null value. Operation not possible. cssHorizontalMenu.vm [line 2, column 28]
Thu Oct 11 00:10:55 ART 2007  [error] RHS of #set statement is null. Context will not be modified. cssHorizontalMenu.vm [line 2, column 1]
Thu Oct 11 00:10:55 ART 2007  [error] Left side ($count) of '==' operation has null value. If a reference, it may not be in the context. Operation not possible. cssHorizontalMenu.vm [line 9, column 23]
Thu Oct 11 00:10:55 ART 2007  [error] Left side ($count) of '==' operation has null value. If a reference, it may not be in the context. Operation not possible. cssHorizontalMenu.vm [line 55, column 21]
Thu Oct 11 00:10:55 ART 2007  [error] Left side ($count) of addition operation has null value. Operation not possible. cssHorizontalMenu.vm [line 2, column 28]
Thu Oct 11 00:10:55 ART 2007  [error] RHS of #set statement is null. Context will not be modified. cssHorizontalMenu.vm [line 2, column 1]
Thu Oct 11 00:10:55 ART 2007  [error] Left side ($count) of addition operation has null value. Operation not possible. cssHorizontalMenu.vm [line 2, column 28]
Thu Oct 11 00:10:55 ART 2007  [error] RHS of #set statement is null. Context will not be modified. cssHorizontalMenu.vm [line 2, column 1]
Thu Oct 11 00:10:55 ART 2007  [error] Left side ($count) of '==' operation has null value. If a reference, it may not be in the context. Operation not possible. cssHorizontalMenu.vm [line 9, column 23]
Thu Oct 11 00:10:55 ART 2007  [error] Left side ($count) of '==' operation has null value. If a reference, it may not be in the context. Operation not possible. cssHorizontalMenu.vm [line 55, column 21]
Thu Oct 11 00:10:56 ART 2007  [error] Left side ($count) of addition operation has null value. Operation not possible. cssHorizontalMenu.vm [line 2, column 28]
Thu Oct 11 00:10:56 ART 2007  [error] RHS of #set statement is null. Context will not be modified. cssHorizontalMenu.vm [line 2, column 1]
Thu Oct 11 00:10:56 ART 2007  [error] Left side ($count) of '==' operation has null value. If a reference, it may not be in the context. Operation not possible. cssHorizontalMenu.vm [line 9, column 23]
Thu Oct 11 00:10:56 ART 2007  [error] Left side ($count) of '==' operation has null value. If a reference, it may not be in the context. Operation not possible. cssHorizontalMenu.vm [line 55, column 21]
Thu Oct 11 00:10:56 ART 2007  [error] Left side ($count) of addition operation has null value. Operation not possible. cssHorizontalMenu.vm [line 2, column 28]
Thu Oct 11 00:10:56 ART 2007  [error] RHS of #set statement is null. Context will not be modified. cssHorizontalMenu.vm [line 2, column 1]
Thu Oct 11 00:10:56 ART 2007  [error] Left side ($count) of '==' operation has null value. If a reference, it may not be in the context. Operation not possible. cssHorizontalMenu.vm [line 9, column 23]
Thu Oct 11 00:10:56 ART 2007  [error] Left side ($count) of '==' operation has null value. If a reference, it may not be in the context. Operation not possible. cssHorizontalMenu.vm [line 55, column 21]
Thu Oct 11 00:10:56 ART 2007  [error] Left side ($count) of addition operation has null value. Operation not possible. cssHorizontalMenu.vm [line 2, column 28]
Thu Oct 11 00:10:56 ART 2007  [error] RHS of #set statement is null. Context will not be modified. cssHorizontalMenu.vm [line 2, column 1]
Thu Oct 11 00:10:56 ART 2007  [error] Left side ($count) of addition operation has null value. Operation not possible. cssHorizontalMenu.vm [line 2, column 28]
Thu Oct 11 00:10:56 ART 2007  [error] RHS of #set statement is null. Context will not be modified. cssHorizontalMenu.vm [line 2, column 1]
Thu Oct 11 00:10:56 ART 2007  [error] Left side ($count) of '==' operation has null value. If a reference, it may not be in the context. Operation not possible. cssHorizontalMenu.vm [line 9, column 23]
Thu Oct 11 00:10:56 ART 2007  [error] Left side ($count) of '==' operation has null value. If a reference, it may not be in the context. Operation not possible. cssHorizontalMenu.vm [line 55, column 21]
Thu Oct 11 00:10:56 ART 2007  [error] Left side ($count) of addition operation has null value. Operation not possible. cssHorizontalMenu.vm [line 2, column 28]
Thu Oct 11 00:10:56 ART 2007  [error] RHS of #set statement is null. Context will not be modified. cssHorizontalMenu.vm [line 2, column 1]
Thu Oct 11 00:10:56 ART 2007  [error] Left side ($count) of '==' operation has null value. If a reference, it may not be in the context. Operation not possible. cssHorizontalMenu.vm [line 9, column 23]
Thu Oct 11 00:10:56 ART 2007  [error] Left side ($count) of '==' operation has null value. If a reference, it may not be in the context. Operation not possible. cssHorizontalMenu.vm [line 55, column 21]
Thu Oct 11 00:10:56 ART 2007  [error] Left side ($count) of addition operation has null value. Operation not possible. cssHorizontalMenu.vm [line 2, column 28]
Thu Oct 11 00:10:56 ART 2007  [error] RHS of #set statement is null. Context will not be modified. cssHorizontalMenu.vm [line 2, column 1]
Thu Oct 11 00:10:56 ART 2007  [error] Left side ($count) of '==' operation has null value. If a reference, it may not be in the context. Operation not possible. cssHorizontalMenu.vm [line 9, column 23]
Thu Oct 11 00:10:56 ART 2007  [error] Left side ($count) of '==' operation has null value. If a reference, it may not be in the context. Operation not possible. cssHorizontalMenu.vm [line 55, column 21]
Thu Oct 11 00:10:56 ART 2007  [error] Left side ($count) of addition operation has null value. Operation not possible. cssHorizontalMenu.vm [line 2, column 28]
Thu Oct 11 00:10:56 ART 2007  [error] RHS of #set statement is null. Context will not be modified. cssHorizontalMenu.vm [line 2, column 1]
Thu Oct 11 00:10:56 ART 2007  [error] Left side ($count) of addition operation has null value. Operation not possible. cssHorizontalMenu.vm [line 2, column 28]
Thu Oct 11 00:10:56 ART 2007  [error] RHS of #set statement is null. Context will not be modified. cssHorizontalMenu.vm [line 2, column 1]
Thu Oct 11 00:10:56 ART 2007  [error] Left side ($count) of '==' operation has null value. If a reference, it may not be in the context. Operation not possible. cssHorizontalMenu.vm [line 9, column 23]
Thu Oct 11 00:10:56 ART 2007  [error] Left side ($count) of '==' operation has null value. If a reference, it may not be in the context. Operation not possible. cssHorizontalMenu.vm [line 55, column 21]
Thu Oct 11 00:10:57 ART 2007  [error] Left side ($count) of addition operation has null value. Operation not possible. cssHorizontalMenu.vm [line 2, column 28]
Thu Oct 11 00:10:57 ART 2007  [error] RHS of #set statement is null. Context will not be modified. cssHorizontalMenu.vm [line 2, column 1]
Thu Oct 11 00:10:57 ART 2007  [error] Left side ($count) of '==' operation has null value. If a reference, it may not be in the context. Operation not possible. cssHorizontalMenu.vm [line 9, column 23]
Thu Oct 11 00:10:57 ART 2007  [error] Left side ($count) of '==' operation has null value. If a reference, it may not be in the context. Operation not possible. cssHorizontalMenu.vm [line 55, column 21]
Thu Oct 11 00:10:57 ART 2007  [error] Left side ($count) of addition operation has null value. Operation not possible. cssHorizontalMenu.vm [line 2, column 28]
Thu Oct 11 00:10:57 ART 2007  [error] RHS of #set statement is null. Context will not be modified. cssHorizontalMenu.vm [line 2, column 1]
Thu Oct 11 00:10:57 ART 2007  [error] Left side ($count) of '==' operation has null value. If a reference, it may not be in the context. Operation not possible. cssHorizontalMenu.vm [line 9, column 23]
Thu Oct 11 00:10:57 ART 2007  [error] Left side ($count) of '==' operation has null value. If a reference, it may not be in the context. Operation not possible. cssHorizontalMenu.vm [line 55, column 21]
Thu Oct 11 00:10:57 ART 2007  [error] Left side ($count) of addition operation has null value. Operation not possible. cssHorizontalMenu.vm [line 2, column 28]
Thu Oct 11 00:10:57 ART 2007  [error] RHS of #set statement is null. Context will not be modified. cssHorizontalMenu.vm [line 2, column 1]
Thu Oct 11 00:10:57 ART 2007  [error] Left side ($count) of addition operation has null value. Operation not possible. cssHorizontalMenu.vm [line 2, column 28]
Thu Oct 11 00:10:57 ART 2007  [error] RHS of #set statement is null. Context will not be modified. cssHorizontalMenu.vm [line 2, column 1]
Thu Oct 11 00:10:57 ART 2007  [error] Left side ($count) of '==' operation has null value. If a reference, it may not be in the context. Operation not possible. cssHorizontalMenu.vm [line 9, column 23]
Thu Oct 11 00:10:57 ART 2007  [error] Left side ($count) of '==' operation has null value. If a reference, it may not be in the context. Operation not possible. cssHorizontalMenu.vm [line 55, column 21]
Thu Oct 11 00:10:59 ART 2007  [error] Left side ($count) of addition operation has null value. Operation not possible. cssHorizontalMenu.vm [line 2, column 28]
Thu Oct 11 00:10:59 ART 2007  [error] RHS of #set statement is null. Context will not be modified. cssHorizontalMenu.vm [line 2, column 1]
Thu Oct 11 00:10:59 ART 2007  [error] Left side ($count) of '==' operation has null value. If a reference, it may not be in the context. Operation not possible. cssHorizontalMenu.vm [line 9, column 23]
Thu Oct 11 00:10:59 ART 2007  [error] Left side ($count) of '==' operation has null value. If a reference, it may not be in the context. Operation not possible. cssHorizontalMenu.vm [line 55, column 21]
Thu Oct 11 00:10:59 ART 2007  [error] Left side ($count) of addition operation has null value. Operation not possible. cssHorizontalMenu.vm [line 2, column 28]
Thu Oct 11 00:10:59 ART 2007  [error] RHS of #set statement is null. Context will not be modified. cssHorizontalMenu.vm [line 2, column 1]
Thu Oct 11 00:10:59 ART 2007  [error] Left side ($count) of '==' operation has null value. If a reference, it may not be in the context. Operation not possible. cssHorizontalMenu.vm [line 9, column 23]
Thu Oct 11 00:10:59 ART 2007  [error] Left side ($count) of '==' operation has null value. If a reference, it may not be in the context. Operation not possible. cssHorizontalMenu.vm [line 55, column 21]
Thu Oct 11 00:10:59 ART 2007  [error] Left side ($count) of addition operation has null value. Operation not possible. cssHorizontalMenu.vm [line 2, column 28]
Thu Oct 11 00:10:59 ART 2007  [error] RHS of #set statement is null. Context will not be modified. cssHorizontalMenu.vm [line 2, column 1]
Thu Oct 11 00:10:59 ART 2007  [error] Left side ($count) of addition operation has null value. Operation not possible. cssHorizontalMenu.vm [line 2, column 28]
Thu Oct 11 00:10:59 ART 2007  [error] RHS of #set statement is null. Context will not be modified. cssHorizontalMenu.vm [line 2, column 1]
Thu Oct 11 00:10:59 ART 2007  [error] Left side ($count) of '==' operation has null value. If a reference, it may not be in the context. Operation not possible. cssHorizontalMenu.vm [line 9, column 23]
Thu Oct 11 00:10:59 ART 2007  [error] Left side ($count) of '==' operation has null value. If a reference, it may not be in the context. Operation not possible. cssHorizontalMenu.vm [line 55, column 21]
Thu Oct 11 00:10:59 ART 2007  [error] Left side ($count) of addition operation has null value. Operation not possible. cssHorizontalMenu.vm [line 2, column 28]
Thu Oct 11 00:10:59 ART 2007  [error] RHS of #set statement is null. Context will not be modified. cssHorizontalMenu.vm [line 2, column 1]
Thu Oct 11 00:10:59 ART 2007  [error] Left side ($count) of '==' operation has null value. If a reference, it may not be in the context. Operation not possible. cssHorizontalMenu.vm [line 9, column 23]
Thu Oct 11 00:10:59 ART 2007  [error] Left side ($count) of '==' operation has null value. If a reference, it may not be in the context. Operation not possible. cssHorizontalMenu.vm [line 55, column 21]
Thu Oct 11 00:10:59 ART 2007  [error] Left side ($count) of addition operation has null value. Operation not possible. cssHorizontalMenu.vm [line 2, column 28]
Thu Oct 11 00:10:59 ART 2007  [error] RHS of #set statement is null. Context will not be modified. cssHorizontalMenu.vm [line 2, column 1]
Thu Oct 11 00:10:59 ART 2007  [error] Left side ($count) of '==' operation has null value. If a reference, it may not be in the context. Operation not possible. cssHorizontalMenu.vm [line 9, column 23]
Thu Oct 11 00:10:59 ART 2007  [error] Left side ($count) of '==' operation has null value. If a reference, it may not be in the context. Operation not possible. cssHorizontalMenu.vm [line 55, column 21]
Thu Oct 11 00:10:59 ART 2007  [error] Left side ($count) of addition operation has null value. Operation not possible. cssHorizontalMenu.vm [line 2, column 28]
Thu Oct 11 00:10:59 ART 2007  [error] RHS of #set statement is null. Context will not be modified. cssHorizontalMenu.vm [line 2, column 1]
Thu Oct 11 00:10:59 ART 2007  [error] Left side ($count) of addition operation has null value. Operation not possible. cssHorizontalMenu.vm [line 2, column 28]
Thu Oct 11 00:10:59 ART 2007  [error] RHS of #set statement is null. Context will not be modified. cssHorizontalMenu.vm [line 2, column 1]
Thu Oct 11 00:10:59 ART 2007  [error] Left side ($count) of '==' operation has null value. If a reference, it may not be in the context. Operation not possible. cssHorizontalMenu.vm [line 9, column 23]
Thu Oct 11 00:10:59 ART 2007  [error] Left side ($count) of '==' operation has null value. If a reference, it may not be in the context. Operation not possible. cssHorizontalMenu.vm [line 55, column 21]
Thu Oct 11 00:10:59 ART 2007  [error] Left side ($count) of addition operation has null value. Operation not possible. cssHorizontalMenu.vm [line 2, column 28]
Thu Oct 11 00:10:59 ART 2007  [error] RHS of #set statement is null. Context will not be modified. cssHorizontalMenu.vm [line 2, column 1]
Thu Oct 11 00:10:59 ART 2007  [error] Left side ($count) of '==' operation has null value. If a reference, it may not be in the context. Operation not possible. cssHorizontalMenu.vm [line 9, column 23]
Thu Oct 11 00:10:59 ART 2007  [error] Left side ($count) of '==' operation has null value. If a reference, it may not be in the context. Operation not possible. cssHorizontalMenu.vm [line 55, column 21]
Thu Oct 11 00:10:59 ART 2007  [error] Left side ($count) of addition operation has null value. Operation not possible. cssHorizontalMenu.vm [line 2, column 28]
Thu Oct 11 00:10:59 ART 2007  [error] RHS of #set statement is null. Context will not be modified. cssHorizontalMenu.vm [line 2, column 1]
Thu Oct 11 00:10:59 ART 2007  [error] Left side ($count) of '==' operation has null value. If a reference, it may not be in the context. Operation not possible. cssHorizontalMenu.vm [line 9, column 23]
Thu Oct 11 00:10:59 ART 2007  [error] Left side ($count) of '==' operation has null value. If a reference, it may not be in the context. Operation not possible. cssHorizontalMenu.vm [line 55, column 21]
Thu Oct 11 00:10:59 ART 2007  [error] Left side ($count) of addition operation has null value. Operation not possible. cssHorizontalMenu.vm [line 2, column 28]
Thu Oct 11 00:10:59 ART 2007  [error] RHS of #set statement is null. Context will not be modified. cssHorizontalMenu.vm [line 2, column 1]
Thu Oct 11 00:10:59 ART 2007  [error] Left side ($count) of addition operation has null value. Operation not possible. cssHorizontalMenu.vm [line 2, column 28]
Thu Oct 11 00:10:59 ART 2007  [error] RHS of #set statement is null. Context will not be modified. cssHorizontalMenu.vm [line 2, column 1]
Thu Oct 11 00:10:59 ART 2007  [error] Left side ($count) of '==' operation has null value. If a reference, it may not be in the context. Operation not possible. cssHorizontalMenu.vm [line 9, column 23]
Thu Oct 11 00:10:59 ART 2007  [error] Left side ($count) of '==' operation has null value. If a reference, it may not be in the context. Operation not possible. cssHorizontalMenu.vm [line 55, column 21]
Thu Oct 11 00:11:00 ART 2007  [error] Left side ($count) of addition operation has null value. Operation not possible. cssHorizontalMenu.vm [line 2, column 28]
Thu Oct 11 00:11:00 ART 2007  [error] RHS of #set statement is null. Context will not be modified. cssHorizontalMenu.vm [line 2, column 1]
Thu Oct 11 00:11:00 ART 2007  [error] Left side ($count) of '==' operation has null value. If a reference, it may not be in the context. Operation not possible. cssHorizontalMenu.vm [line 9, column 23]
Thu Oct 11 00:11:00 ART 2007  [error] Left side ($count) of '==' operation has null value. If a reference, it may not be in the context. Operation not possible. cssHorizontalMenu.vm [line 55, column 21]
Thu Oct 11 00:11:00 ART 2007  [error] Left side ($count) of addition operation has null value. Operation not possible. cssHorizontalMenu.vm [line 2, column 28]
Thu Oct 11 00:11:00 ART 2007  [error] RHS of #set statement is null. Context will not be modified. cssHorizontalMenu.vm [line 2, column 1]
Thu Oct 11 00:11:00 ART 2007  [error] Left side ($count) of '==' operation has null value. If a reference, it may not be in the context. Operation not possible. cssHorizontalMenu.vm [line 9, column 23]
Thu Oct 11 00:11:00 ART 2007  [error] Left side ($count) of '==' operation has null value. If a reference, it may not be in the context. Operation not possible. cssHorizontalMenu.vm [line 55, column 21]
Thu Oct 11 00:11:00 ART 2007  [error] Left side ($count) of addition operation has null value. Operation not possible. cssHorizontalMenu.vm [line 2, column 28]
Thu Oct 11 00:11:00 ART 2007  [error] RHS of #set statement is null. Context will not be modified. cssHorizontalMenu.vm [line 2, column 1]
Thu Oct 11 00:11:00 ART 2007  [error] Left side ($count) of addition operation has null value. Operation not possible. cssHorizontalMenu.vm [line 2, column 28]
Thu Oct 11 00:11:00 ART 2007  [error] RHS of #set statement is null. Context will not be modified. cssHorizontalMenu.vm [line 2, column 1]
Thu Oct 11 00:11:00 ART 2007  [error] Left side ($count) of '==' operation has null value. If a reference, it may not be in the context. Operation not possible. cssHorizontalMenu.vm [line 9, column 23]
Thu Oct 11 00:11:00 ART 2007  [error] Left side ($count) of '==' operation has null value. If a reference, it may not be in the context. Operation not possible. cssHorizontalMenu.vm [line 55, column 21]
Thu Oct 11 00:11:00 ART 2007  [error] Left side ($count) of addition operation has null value. Operation not possible. cssHorizontalMenu.vm [line 2, column 28]
Thu Oct 11 00:11:00 ART 2007  [error] RHS of #set statement is null. Context will not be modified. cssHorizontalMenu.vm [line 2, column 1]
Thu Oct 11 00:11:00 ART 2007  [error] Left side ($count) of '==' operation has null value. If a reference, it may not be in the context. Operation not possible. cssHorizontalMenu.vm [line 9, column 23]
Thu Oct 11 00:11:00 ART 2007  [error] Left side ($count) of '==' operation has null value. If a reference, it may not be in the context. Operation not possible. cssHorizontalMenu.vm [line 55, column 21]
Thu Oct 11 00:11:00 ART 2007  [error] Left side ($count) of addition operation has null value. Operation not possible. cssHorizontalMenu.vm [line 2, column 28]
Thu Oct 11 00:11:00 ART 2007  [error] RHS of #set statement is null. Context will not be modified. cssHorizontalMenu.vm [line 2, column 1]
Thu Oct 11 00:11:00 ART 2007  [error] Left side ($count) of '==' operation has null value. If a reference, it may not be in the context. Operation not possible. cssHorizontalMenu.vm [line 9, column 23]
Thu Oct 11 00:11:00 ART 2007  [error] Left side ($count) of '==' operation has null value. If a reference, it may not be in the context. Operation not possible. cssHorizontalMenu.vm [line 55, column 21]
Thu Oct 11 00:11:00 ART 2007  [error] Left side ($count) of addition operation has null value. Operation not possible. cssHorizontalMenu.vm [line 2, column 28]
Thu Oct 11 00:11:00 ART 2007  [error] RHS of #set statement is null. Context will not be modified. cssHorizontalMenu.vm [line 2, column 1]
Thu Oct 11 00:11:00 ART 2007  [error] Left side ($count) of addition operation has null value. Operation not possible. cssHorizontalMenu.vm [line 2, column 28]
Thu Oct 11 00:11:00 ART 2007  [error] RHS of #set statement is null. Context will not be modified. cssHorizontalMenu.vm [line 2, column 1]
Thu Oct 11 00:11:00 ART 2007  [error] Left side ($count) of '==' operation has null value. If a reference, it may not be in the context. Operation not possible. cssHorizontalMenu.vm [line 9, column 23]
Thu Oct 11 00:11:00 ART 2007  [error] Left side ($count) of '==' operation has null value. If a reference, it may not be in the context. Operation not possible. cssHorizontalMenu.vm [line 55, column 21]
Thu Oct 11 00:11:01 ART 2007  [error] Left side ($count) of addition operation has null value. Operation not possible. cssHorizontalMenu.vm [line 2, column 28]
Thu Oct 11 00:11:01 ART 2007  [error] RHS of #set statement is null. Context will not be modified. cssHorizontalMenu.vm [line 2, column 1]
Thu Oct 11 00:11:01 ART 2007  [error] Left side ($count) of '==' operation has null value. If a reference, it may not be in the context. Operation not possible. cssHorizontalMenu.vm [line 9, column 23]
Thu Oct 11 00:11:01 ART 2007  [error] Left side ($count) of '==' operation has null value. If a reference, it may not be in the context. Operation not possible. cssHorizontalMenu.vm [line 55, column 21]
Thu Oct 11 00:11:01 ART 2007  [error] Left side ($count) of addition operation has null value. Operation not possible. cssHorizontalMenu.vm [line 2, column 28]
Thu Oct 11 00:11:01 ART 2007  [error] RHS of #set statement is null. Context will not be modified. cssHorizontalMenu.vm [line 2, column 1]
Thu Oct 11 00:11:01 ART 2007  [error] Left side ($count) of '==' operation has null value. If a reference, it may not be in the context. Operation not possible. cssHorizontalMenu.vm [line 9, column 23]
Thu Oct 11 00:11:01 ART 2007  [error] Left side ($count) of '==' operation has null value. If a reference, it may not be in the context. Operation not possible. cssHorizontalMenu.vm [line 55, column 21]
Thu Oct 11 00:11:01 ART 2007  [error] Left side ($count) of addition operation has null value. Operation not possible. cssHorizontalMenu.vm [line 2, column 28]
Thu Oct 11 00:11:01 ART 2007  [error] RHS of #set statement is null. Context will not be modified. cssHorizontalMenu.vm [line 2, column 1]
Thu Oct 11 00:11:01 ART 2007  [error] Left side ($count) of addition operation has null value. Operation not possible. cssHorizontalMenu.vm [line 2, column 28]
Thu Oct 11 00:11:01 ART 2007  [error] RHS of #set statement is null. Context will not be modified. cssHorizontalMenu.vm [line 2, column 1]
Thu Oct 11 00:11:01 ART 2007  [error] Left side ($count) of '==' operation has null value. If a reference, it may not be in the context. Operation not possible. cssHorizontalMenu.vm [line 9, column 23]
Thu Oct 11 00:11:01 ART 2007  [error] Left side ($count) of '==' operation has null value. If a reference, it may not be in the context. Operation not possible. cssHorizontalMenu.vm [line 55, column 21]
Thu Oct 11 00:11:01 ART 2007  [error] Left side ($count) of addition operation has null value. Operation not possible. cssHorizontalMenu.vm [line 2, column 28]
Thu Oct 11 00:11:01 ART 2007  [error] RHS of #set statement is null. Context will not be modified. cssHorizontalMenu.vm [line 2, column 1]
Thu Oct 11 00:11:01 ART 2007  [error] Left side ($count) of '==' operation has null value. If a reference, it may not be in the context. Operation not possible. cssHorizontalMenu.vm [line 9, column 23]
Thu Oct 11 00:11:01 ART 2007  [error] Left side ($count) of '==' operation has null value. If a reference, it may not be in the context. Operation not possible. cssHorizontalMenu.vm [line 55, column 21]
Thu Oct 11 00:11:01 ART 2007  [error] Left side ($count) of addition operation has null value. Operation not possible. cssHorizontalMenu.vm [line 2, column 28]
Thu Oct 11 00:11:01 ART 2007  [error] RHS of #set statement is null. Context will not be modified. cssHorizontalMenu.vm [line 2, column 1]
Thu Oct 11 00:11:01 ART 2007  [error] Left side ($count) of '==' operation has null value. If a reference, it may not be in the context. Operation not possible. cssHorizontalMenu.vm [line 9, column 23]
Thu Oct 11 00:11:01 ART 2007  [error] Left side ($count) of '==' operation has null value. If a reference, it may not be in the context. Operation not possible. cssHorizontalMenu.vm [line 55, column 21]
Thu Oct 11 00:11:01 ART 2007  [error] Left side ($count) of addition operation has null value. Operation not possible. cssHorizontalMenu.vm [line 2, column 28]
Thu Oct 11 00:11:01 ART 2007  [error] RHS of #set statement is null. Context will not be modified. cssHorizontalMenu.vm [line 2, column 1]
Thu Oct 11 00:11:01 ART 2007  [error] Left side ($count) of addition operation has null value. Operation not possible. cssHorizontalMenu.vm [line 2, column 28]
Thu Oct 11 00:11:01 ART 2007  [error] RHS of #set statement is null. Context will not be modified. cssHorizontalMenu.vm [line 2, column 1]
Thu Oct 11 00:11:01 ART 2007  [error] Left side ($count) of '==' operation has null value. If a reference, it may not be in the context. Operation not possible. cssHorizontalMenu.vm [line 9, column 23]
Thu Oct 11 00:11:01 ART 2007  [error] Left side ($count) of '==' operation has null value. If a reference, it may not be in the context. Operation not possible. cssHorizontalMenu.vm [line 55, column 21]
Thu Oct 11 00:11:02 ART 2007  [error] Left side ($count) of addition operation has null value. Operation not possible. cssHorizontalMenu.vm [line 2, column 28]
Thu Oct 11 00:11:02 ART 2007  [error] RHS of #set statement is null. Context will not be modified. cssHorizontalMenu.vm [line 2, column 1]
Thu Oct 11 00:11:02 ART 2007  [error] Left side ($count) of '==' operation has null value. If a reference, it may not be in the context. Operation not possible. cssHorizontalMenu.vm [line 9, column 23]
Thu Oct 11 00:11:02 ART 2007  [error] Left side ($count) of '==' operation has null value. If a reference, it may not be in the context. Operation not possible. cssHorizontalMenu.vm [line 55, column 21]
Thu Oct 11 00:11:02 ART 2007  [error] Left side ($count) of addition operation has null value. Operation not possible. cssHorizontalMenu.vm [line 2, column 28]
Thu Oct 11 00:11:02 ART 2007  [error] RHS of #set statement is null. Context will not be modified. cssHorizontalMenu.vm [line 2, column 1]
Thu Oct 11 00:11:02 ART 2007  [error] Left side ($count) of '==' operation has null value. If a reference, it may not be in the context. Operation not possible. cssHorizontalMenu.vm [line 9, column 23]
Thu Oct 11 00:11:02 ART 2007  [error] Left side ($count) of '==' operation has null value. If a reference, it may not be in the context. Operation not possible. cssHorizontalMenu.vm [line 55, column 21]
Thu Oct 11 00:11:02 ART 2007  [error] Left side ($count) of addition operation has null value. Operation not possible. cssHorizontalMenu.vm [line 2, column 28]
Thu Oct 11 00:11:02 ART 2007  [error] RHS of #set statement is null. Context will not be modified. cssHorizontalMenu.vm [line 2, column 1]
Thu Oct 11 00:11:02 ART 2007  [error] Left side ($count) of addition operation has null value. Operation not possible. cssHorizontalMenu.vm [line 2, column 28]
Thu Oct 11 00:11:02 ART 2007  [error] RHS of #set statement is null. Context will not be modified. cssHorizontalMenu.vm [line 2, column 1]
Thu Oct 11 00:11:02 ART 2007  [error] Left side ($count) of '==' operation has null value. If a reference, it may not be in the context. Operation not possible. cssHorizontalMenu.vm [line 9, column 23]
Thu Oct 11 00:11:02 ART 2007  [error] Left side ($count) of '==' operation has null value. If a reference, it may not be in the context. Operation not possible. cssHorizontalMenu.vm [line 55, column 21]
Thu Oct 11 00:11:02 ART 2007  [error] Left side ($count) of addition operation has null value. Operation not possible. cssHorizontalMenu.vm [line 2, column 28]
Thu Oct 11 00:11:02 ART 2007  [error] RHS of #set statement is null. Context will not be modified. cssHorizontalMenu.vm [line 2, column 1]
Thu Oct 11 00:11:02 ART 2007  [error] Left side ($count) of '==' operation has null value. If a reference, it may not be in the context. Operation not possible. cssHorizontalMenu.vm [line 9, column 23]
Thu Oct 11 00:11:02 ART 2007  [error] Left side ($count) of '==' operation has null value. If a reference, it may not be in the context. Operation not possible. cssHorizontalMenu.vm [line 55, column 21]
Thu Oct 11 00:11:02 ART 2007  [error] Left side ($count) of addition operation has null value. Operation not possible. cssHorizontalMenu.vm [line 2, column 28]
Thu Oct 11 00:11:02 ART 2007  [error] RHS of #set statement is null. Context will not be modified. cssHorizontalMenu.vm [line 2, column 1]
Thu Oct 11 00:11:02 ART 2007  [error] Left side ($count) of '==' operation has null value. If a reference, it may not be in the context. Operation not possible. cssHorizontalMenu.vm [line 9, column 23]
Thu Oct 11 00:11:02 ART 2007  [error] Left side ($count) of '==' operation has null value. If a reference, it may not be in the context. Operation not possible. cssHorizontalMenu.vm [line 55, column 21]
Thu Oct 11 00:11:02 ART 2007  [error] Left side ($count) of addition operation has null value. Operation not possible. cssHorizontalMenu.vm [line 2, column 28]
Thu Oct 11 00:11:02 ART 2007  [error] RHS of #set statement is null. Context will not be modified. cssHorizontalMenu.vm [line 2, column 1]
Thu Oct 11 00:11:02 ART 2007  [error] Left side ($count) of addition operation has null value. Operation not possible. cssHorizontalMenu.vm [line 2, column 28]
Thu Oct 11 00:11:02 ART 2007  [error] RHS of #set statement is null. Context will not be modified. cssHorizontalMenu.vm [line 2, column 1]
Thu Oct 11 00:11:02 ART 2007  [error] Left side ($count) of '==' operation has null value. If a reference, it may not be in the context. Operation not possible. cssHorizontalMenu.vm [line 9, column 23]
Thu Oct 11 00:11:02 ART 2007  [error] Left side ($count) of '==' operation has null value. If a reference, it may not be in the context. Operation not possible. cssHorizontalMenu.vm [line 55, column 21]
Thu Oct 11 00:11:03 ART 2007  [error] Left side ($count) of addition operation has null value. Operation not possible. cssHorizontalMenu.vm [line 2, column 28]
Thu Oct 11 00:11:03 ART 2007  [error] RHS of #set statement is null. Context will not be modified. cssHorizontalMenu.vm [line 2, column 1]
Thu Oct 11 00:11:03 ART 2007  [error] Left side ($count) of '==' operation has null value. If a reference, it may not be in the context. Operation not possible. cssHorizontalMenu.vm [line 9, column 23]
Thu Oct 11 00:11:03 ART 2007  [error] Left side ($count) of '==' operation has null value. If a reference, it may not be in the context. Operation not possible. cssHorizontalMenu.vm [line 55, column 21]
Thu Oct 11 00:11:03 ART 2007  [error] Left side ($count) of addition operation has null value. Operation not possible. cssHorizontalMenu.vm [line 2, column 28]
Thu Oct 11 00:11:03 ART 2007  [error] RHS of #set statement is null. Context will not be modified. cssHorizontalMenu.vm [line 2, column 1]
Thu Oct 11 00:11:03 ART 2007  [error] Left side ($count) of '==' operation has null value. If a reference, it may not be in the context. Operation not possible. cssHorizontalMenu.vm [line 9, column 23]
Thu Oct 11 00:11:03 ART 2007  [error] Left side ($count) of '==' operation has null value. If a reference, it may not be in the context. Operation not possible. cssHorizontalMenu.vm [line 55, column 21]
Thu Oct 11 00:11:03 ART 2007  [error] Left side ($count) of addition operation has null value. Operation not possible. cssHorizontalMenu.vm [line 2, column 28]
Thu Oct 11 00:11:03 ART 2007  [error] RHS of #set statement is null. Context will not be modified. cssHorizontalMenu.vm [line 2, column 1]
Thu Oct 11 00:11:03 ART 2007  [error] Left side ($count) of addition operation has null value. Operation not possible. cssHorizontalMenu.vm [line 2, column 28]
Thu Oct 11 00:11:03 ART 2007  [error] RHS of #set statement is null. Context will not be modified. cssHorizontalMenu.vm [line 2, column 1]
Thu Oct 11 00:11:03 ART 2007  [error] Left side ($count) of '==' operation has null value. If a reference, it may not be in the context. Operation not possible. cssHorizontalMenu.vm [line 9, column 23]
Thu Oct 11 00:11:03 ART 2007  [error] Left side ($count) of '==' operation has null value. If a reference, it may not be in the context. Operation not possible. cssHorizontalMenu.vm [line 55, column 21]
