Sun Oct 14 20:12:40 ART 2007  [debug] AvalonLogSystem initialized using logfile 'velocity.log'
Sun Oct 14 20:12:40 ART 2007   [info] ************************************************************** 
Sun Oct 14 20:12:40 ART 2007   [info] Starting Jakarta Velocity v1.4
Sun Oct 14 20:12:40 ART 2007   [info] RuntimeInstance initializing.
Sun Oct 14 20:12:40 ART 2007   [info] Default Properties File: org\apache\velocity\runtime\defaults\velocity.properties
Sun Oct 14 20:12:40 ART 2007   [info] Trying to use logger class org.apache.velocity.runtime.log.AvalonLogSystem
Sun Oct 14 20:12:40 ART 2007   [info] Using logger class org.apache.velocity.runtime.log.AvalonLogSystem
Sun Oct 14 20:12:40 ART 2007   [info] Default ResourceManager initializing. (class org.apache.velocity.runtime.resource.ResourceManagerImpl)
Sun Oct 14 20:12:40 ART 2007   [info] Resource Loader Instantiated: org.apache.velocity.runtime.resource.loader.ClasspathResourceLoader
Sun Oct 14 20:12:40 ART 2007   [info] ClasspathResourceLoader : initialization starting.
Sun Oct 14 20:12:40 ART 2007   [info] ClasspathResourceLoader : initialization complete.
Sun Oct 14 20:12:40 ART 2007   [info] Resource Loader Instantiated: org.apache.velocity.tools.view.servlet.WebappLoader
Sun Oct 14 20:12:40 ART 2007   [info] WebappLoader : initialization starting.
Sun Oct 14 20:12:40 ART 2007   [info] WebappLoader : initialization complete.
Sun Oct 14 20:12:40 ART 2007   [info] ResourceCache : initialized. (class org.apache.velocity.runtime.resource.ResourceCacheImpl)
Sun Oct 14 20:12:40 ART 2007   [info] Default ResourceManager initialization complete.
Sun Oct 14 20:12:40 ART 2007   [info] Loaded System Directive: org.apache.velocity.runtime.directive.Literal
Sun Oct 14 20:12:40 ART 2007   [info] Loaded System Directive: org.apache.velocity.runtime.directive.Macro
Sun Oct 14 20:12:40 ART 2007   [info] Loaded System Directive: org.apache.velocity.runtime.directive.Parse
Sun Oct 14 20:12:40 ART 2007   [info] Loaded System Directive: org.apache.velocity.runtime.directive.Include
Sun Oct 14 20:12:40 ART 2007   [info] Loaded System Directive: org.apache.velocity.runtime.directive.Foreach
Sun Oct 14 20:12:40 ART 2007   [info] Loaded User Directive: net.sf.navigator.displayer.LocalDirective
Sun Oct 14 20:12:40 ART 2007   [info] Created: 20 parsers.
Sun Oct 14 20:12:40 ART 2007   [info] Velocimacro : initialization starting.
Sun Oct 14 20:12:40 ART 2007   [info] Velocimacro : adding VMs from VM library template : net/sf/navigator/displayer/globalMacros.vm
Sun Oct 14 20:12:40 ART 2007   [info] Velocimacro : added new VM : #eval( _macro ) : source = net/sf/navigator/displayer/globalMacros.vm
Sun Oct 14 20:12:40 ART 2007   [info] Velocimacro : added new VM : #displayMenu( menu level ) : source = net/sf/navigator/displayer/globalMacros.vm
Sun Oct 14 20:12:40 ART 2007   [info] ResourceManager : found net/sf/navigator/displayer/globalMacros.vm with loader org.apache.velocity.runtime.resource.loader.ClasspathResourceLoader
Sun Oct 14 20:12:40 ART 2007   [info] Velocimacro :  VM library template macro registration complete.
Sun Oct 14 20:12:40 ART 2007   [info] Velocimacro : adding VMs from VM library template : menuMacros.vm
Sun Oct 14 20:12:40 ART 2007  [error] ResourceManager : unable to find resource 'menuMacros.vm' in any resource loader.
Sun Oct 14 20:12:40 ART 2007   [info] Velocimacro : error using  VM library template menuMacros.vm : org.apache.velocity.exception.ResourceNotFoundException: Unable to find resource 'menuMacros.vm'
Sun Oct 14 20:12:40 ART 2007   [info] Velocimacro :  VM library template macro registration complete.
Sun Oct 14 20:12:40 ART 2007   [info] Velocimacro : allowInline = true : VMs can be defined inline in templates
Sun Oct 14 20:12:40 ART 2007   [info] Velocimacro : allowInlineToOverride = true : VMs defined inline may replace previous VM definitions
Sun Oct 14 20:12:40 ART 2007   [info] Velocimacro : allowInlineLocal = false : VMs defined inline will be  global in scope if allowed.
Sun Oct 14 20:12:40 ART 2007   [info] Velocimacro : messages on  : VM system will output logging messages
Sun Oct 14 20:12:40 ART 2007   [info] Velocimacro : autoload on  : VM system will automatically reload global library macros
Sun Oct 14 20:12:40 ART 2007   [info] Velocimacro : initialization complete.
Sun Oct 14 20:12:40 ART 2007   [info] Velocity successfully started.
Sun Oct 14 20:12:55 ART 2007   [info] Velocimacro : added new VM : #displayCssMenu( menu ) : source = cssHorizontalMenu.vm
Sun Oct 14 20:12:55 ART 2007  [error] VM #displayCssMenu: error : too few arguments to macro. Wanted 1 got 0
Sun Oct 14 20:12:55 ART 2007   [info] ResourceManager : found cssHorizontalMenu.vm with loader org.apache.velocity.runtime.resource.loader.ClasspathResourceLoader
Sun Oct 14 20:12:55 ART 2007  [error] Left side ($count) of addition operation has null value. Operation not possible. cssHorizontalMenu.vm [line 2, column 28]
Sun Oct 14 20:12:55 ART 2007  [error] RHS of #set statement is null. Context will not be modified. cssHorizontalMenu.vm [line 2, column 1]
Sun Oct 14 20:12:55 ART 2007  [error] Left side ($count) of '==' operation has null value. If a reference, it may not be in the context. Operation not possible. cssHorizontalMenu.vm [line 9, column 23]
Sun Oct 14 20:12:55 ART 2007  [error] Left side ($count) of '==' operation has null value. If a reference, it may not be in the context. Operation not possible. cssHorizontalMenu.vm [line 55, column 21]
Sun Oct 14 20:12:55 ART 2007  [error] Left side ($count) of addition operation has null value. Operation not possible. cssHorizontalMenu.vm [line 2, column 28]
Sun Oct 14 20:12:55 ART 2007  [error] RHS of #set statement is null. Context will not be modified. cssHorizontalMenu.vm [line 2, column 1]
Sun Oct 14 20:12:55 ART 2007  [error] Left side ($count) of '==' operation has null value. If a reference, it may not be in the context. Operation not possible. cssHorizontalMenu.vm [line 9, column 23]
Sun Oct 14 20:12:55 ART 2007  [error] Left side ($count) of '==' operation has null value. If a reference, it may not be in the context. Operation not possible. cssHorizontalMenu.vm [line 55, column 21]
Sun Oct 14 20:12:55 ART 2007  [error] Left side ($count) of addition operation has null value. Operation not possible. cssHorizontalMenu.vm [line 2, column 28]
Sun Oct 14 20:12:55 ART 2007  [error] RHS of #set statement is null. Context will not be modified. cssHorizontalMenu.vm [line 2, column 1]
Sun Oct 14 20:12:55 ART 2007  [error] Left side ($count) of addition operation has null value. Operation not possible. cssHorizontalMenu.vm [line 2, column 28]
Sun Oct 14 20:12:55 ART 2007  [error] RHS of #set statement is null. Context will not be modified. cssHorizontalMenu.vm [line 2, column 1]
Sun Oct 14 20:12:55 ART 2007  [error] Left side ($count) of '==' operation has null value. If a reference, it may not be in the context. Operation not possible. cssHorizontalMenu.vm [line 9, column 23]
Sun Oct 14 20:12:55 ART 2007  [error] Left side ($count) of '==' operation has null value. If a reference, it may not be in the context. Operation not possible. cssHorizontalMenu.vm [line 55, column 21]
Sun Oct 14 20:12:56 ART 2007  [error] Left side ($count) of addition operation has null value. Operation not possible. cssHorizontalMenu.vm [line 2, column 28]
Sun Oct 14 20:12:56 ART 2007  [error] RHS of #set statement is null. Context will not be modified. cssHorizontalMenu.vm [line 2, column 1]
Sun Oct 14 20:12:56 ART 2007  [error] Left side ($count) of '==' operation has null value. If a reference, it may not be in the context. Operation not possible. cssHorizontalMenu.vm [line 9, column 23]
Sun Oct 14 20:12:56 ART 2007  [error] Left side ($count) of '==' operation has null value. If a reference, it may not be in the context. Operation not possible. cssHorizontalMenu.vm [line 55, column 21]
Sun Oct 14 20:12:56 ART 2007  [error] Left side ($count) of addition operation has null value. Operation not possible. cssHorizontalMenu.vm [line 2, column 28]
Sun Oct 14 20:12:56 ART 2007  [error] RHS of #set statement is null. Context will not be modified. cssHorizontalMenu.vm [line 2, column 1]
Sun Oct 14 20:12:56 ART 2007  [error] Left side ($count) of '==' operation has null value. If a reference, it may not be in the context. Operation not possible. cssHorizontalMenu.vm [line 9, column 23]
Sun Oct 14 20:12:56 ART 2007  [error] Left side ($count) of '==' operation has null value. If a reference, it may not be in the context. Operation not possible. cssHorizontalMenu.vm [line 55, column 21]
Sun Oct 14 20:12:56 ART 2007  [error] Left side ($count) of addition operation has null value. Operation not possible. cssHorizontalMenu.vm [line 2, column 28]
Sun Oct 14 20:12:56 ART 2007  [error] RHS of #set statement is null. Context will not be modified. cssHorizontalMenu.vm [line 2, column 1]
Sun Oct 14 20:12:56 ART 2007  [error] Left side ($count) of addition operation has null value. Operation not possible. cssHorizontalMenu.vm [line 2, column 28]
Sun Oct 14 20:12:56 ART 2007  [error] RHS of #set statement is null. Context will not be modified. cssHorizontalMenu.vm [line 2, column 1]
Sun Oct 14 20:12:56 ART 2007  [error] Left side ($count) of '==' operation has null value. If a reference, it may not be in the context. Operation not possible. cssHorizontalMenu.vm [line 9, column 23]
Sun Oct 14 20:12:56 ART 2007  [error] Left side ($count) of '==' operation has null value. If a reference, it may not be in the context. Operation not possible. cssHorizontalMenu.vm [line 55, column 21]
Sun Oct 14 20:13:01 ART 2007  [error] Left side ($count) of addition operation has null value. Operation not possible. cssHorizontalMenu.vm [line 2, column 28]
Sun Oct 14 20:13:01 ART 2007  [error] RHS of #set statement is null. Context will not be modified. cssHorizontalMenu.vm [line 2, column 1]
Sun Oct 14 20:13:01 ART 2007  [error] Left side ($count) of '==' operation has null value. If a reference, it may not be in the context. Operation not possible. cssHorizontalMenu.vm [line 9, column 23]
Sun Oct 14 20:13:01 ART 2007  [error] Left side ($count) of '==' operation has null value. If a reference, it may not be in the context. Operation not possible. cssHorizontalMenu.vm [line 55, column 21]
Sun Oct 14 20:13:01 ART 2007  [error] Left side ($count) of addition operation has null value. Operation not possible. cssHorizontalMenu.vm [line 2, column 28]
Sun Oct 14 20:13:01 ART 2007  [error] RHS of #set statement is null. Context will not be modified. cssHorizontalMenu.vm [line 2, column 1]
Sun Oct 14 20:13:01 ART 2007  [error] Left side ($count) of '==' operation has null value. If a reference, it may not be in the context. Operation not possible. cssHorizontalMenu.vm [line 9, column 23]
Sun Oct 14 20:13:01 ART 2007  [error] Left side ($count) of '==' operation has null value. If a reference, it may not be in the context. Operation not possible. cssHorizontalMenu.vm [line 55, column 21]
Sun Oct 14 20:13:01 ART 2007  [error] Left side ($count) of addition operation has null value. Operation not possible. cssHorizontalMenu.vm [line 2, column 28]
Sun Oct 14 20:13:01 ART 2007  [error] RHS of #set statement is null. Context will not be modified. cssHorizontalMenu.vm [line 2, column 1]
Sun Oct 14 20:13:01 ART 2007  [error] Left side ($count) of '==' operation has null value. If a reference, it may not be in the context. Operation not possible. cssHorizontalMenu.vm [line 9, column 23]
Sun Oct 14 20:13:01 ART 2007  [error] Left side ($count) of '==' operation has null value. If a reference, it may not be in the context. Operation not possible. cssHorizontalMenu.vm [line 55, column 21]
Sun Oct 14 20:13:01 ART 2007  [error] Left side ($count) of addition operation has null value. Operation not possible. cssHorizontalMenu.vm [line 2, column 28]
Sun Oct 14 20:13:01 ART 2007  [error] RHS of #set statement is null. Context will not be modified. cssHorizontalMenu.vm [line 2, column 1]
Sun Oct 14 20:13:01 ART 2007  [error] Left side ($count) of '==' operation has null value. If a reference, it may not be in the context. Operation not possible. cssHorizontalMenu.vm [line 9, column 23]
Sun Oct 14 20:13:01 ART 2007  [error] Left side ($count) of '==' operation has null value. If a reference, it may not be in the context. Operation not possible. cssHorizontalMenu.vm [line 55, column 21]
Sun Oct 14 20:13:01 ART 2007  [error] Left side ($count) of addition operation has null value. Operation not possible. cssHorizontalMenu.vm [line 2, column 28]
Sun Oct 14 20:13:01 ART 2007  [error] RHS of #set statement is null. Context will not be modified. cssHorizontalMenu.vm [line 2, column 1]
Sun Oct 14 20:13:01 ART 2007  [error] Left side ($count) of '==' operation has null value. If a reference, it may not be in the context. Operation not possible. cssHorizontalMenu.vm [line 9, column 23]
Sun Oct 14 20:13:01 ART 2007  [error] Left side ($count) of '==' operation has null value. If a reference, it may not be in the context. Operation not possible. cssHorizontalMenu.vm [line 55, column 21]
Sun Oct 14 20:13:01 ART 2007  [error] Left side ($count) of addition operation has null value. Operation not possible. cssHorizontalMenu.vm [line 2, column 28]
Sun Oct 14 20:13:01 ART 2007  [error] RHS of #set statement is null. Context will not be modified. cssHorizontalMenu.vm [line 2, column 1]
Sun Oct 14 20:13:01 ART 2007  [error] Left side ($count) of addition operation has null value. Operation not possible. cssHorizontalMenu.vm [line 2, column 28]
Sun Oct 14 20:13:01 ART 2007  [error] RHS of #set statement is null. Context will not be modified. cssHorizontalMenu.vm [line 2, column 1]
Sun Oct 14 20:13:01 ART 2007  [error] Left side ($count) of '==' operation has null value. If a reference, it may not be in the context. Operation not possible. cssHorizontalMenu.vm [line 9, column 23]
Sun Oct 14 20:13:01 ART 2007  [error] Left side ($count) of '==' operation has null value. If a reference, it may not be in the context. Operation not possible. cssHorizontalMenu.vm [line 55, column 21]
Sun Oct 14 20:13:02 ART 2007  [error] Left side ($count) of addition operation has null value. Operation not possible. cssHorizontalMenu.vm [line 2, column 28]
Sun Oct 14 20:13:02 ART 2007  [error] RHS of #set statement is null. Context will not be modified. cssHorizontalMenu.vm [line 2, column 1]
Sun Oct 14 20:13:02 ART 2007  [error] Left side ($count) of '==' operation has null value. If a reference, it may not be in the context. Operation not possible. cssHorizontalMenu.vm [line 9, column 23]
Sun Oct 14 20:13:02 ART 2007  [error] Left side ($count) of '==' operation has null value. If a reference, it may not be in the context. Operation not possible. cssHorizontalMenu.vm [line 55, column 21]
Sun Oct 14 20:13:02 ART 2007  [error] Left side ($count) of addition operation has null value. Operation not possible. cssHorizontalMenu.vm [line 2, column 28]
Sun Oct 14 20:13:02 ART 2007  [error] RHS of #set statement is null. Context will not be modified. cssHorizontalMenu.vm [line 2, column 1]
Sun Oct 14 20:13:02 ART 2007  [error] Left side ($count) of '==' operation has null value. If a reference, it may not be in the context. Operation not possible. cssHorizontalMenu.vm [line 9, column 23]
Sun Oct 14 20:13:02 ART 2007  [error] Left side ($count) of '==' operation has null value. If a reference, it may not be in the context. Operation not possible. cssHorizontalMenu.vm [line 55, column 21]
Sun Oct 14 20:13:02 ART 2007  [error] Left side ($count) of addition operation has null value. Operation not possible. cssHorizontalMenu.vm [line 2, column 28]
Sun Oct 14 20:13:02 ART 2007  [error] RHS of #set statement is null. Context will not be modified. cssHorizontalMenu.vm [line 2, column 1]
Sun Oct 14 20:13:02 ART 2007  [error] Left side ($count) of addition operation has null value. Operation not possible. cssHorizontalMenu.vm [line 2, column 28]
Sun Oct 14 20:13:02 ART 2007  [error] RHS of #set statement is null. Context will not be modified. cssHorizontalMenu.vm [line 2, column 1]
Sun Oct 14 20:13:02 ART 2007  [error] Left side ($count) of '==' operation has null value. If a reference, it may not be in the context. Operation not possible. cssHorizontalMenu.vm [line 9, column 23]
Sun Oct 14 20:13:02 ART 2007  [error] Left side ($count) of '==' operation has null value. If a reference, it may not be in the context. Operation not possible. cssHorizontalMenu.vm [line 55, column 21]
Sun Oct 14 20:13:03 ART 2007  [error] Left side ($count) of addition operation has null value. Operation not possible. cssHorizontalMenu.vm [line 2, column 28]
Sun Oct 14 20:13:03 ART 2007  [error] RHS of #set statement is null. Context will not be modified. cssHorizontalMenu.vm [line 2, column 1]
Sun Oct 14 20:13:03 ART 2007  [error] Left side ($count) of '==' operation has null value. If a reference, it may not be in the context. Operation not possible. cssHorizontalMenu.vm [line 9, column 23]
Sun Oct 14 20:13:03 ART 2007  [error] Left side ($count) of '==' operation has null value. If a reference, it may not be in the context. Operation not possible. cssHorizontalMenu.vm [line 55, column 21]
Sun Oct 14 20:13:03 ART 2007  [error] Left side ($count) of addition operation has null value. Operation not possible. cssHorizontalMenu.vm [line 2, column 28]
Sun Oct 14 20:13:03 ART 2007  [error] RHS of #set statement is null. Context will not be modified. cssHorizontalMenu.vm [line 2, column 1]
Sun Oct 14 20:13:03 ART 2007  [error] Left side ($count) of '==' operation has null value. If a reference, it may not be in the context. Operation not possible. cssHorizontalMenu.vm [line 9, column 23]
Sun Oct 14 20:13:03 ART 2007  [error] Left side ($count) of '==' operation has null value. If a reference, it may not be in the context. Operation not possible. cssHorizontalMenu.vm [line 55, column 21]
Sun Oct 14 20:13:03 ART 2007  [error] Left side ($count) of addition operation has null value. Operation not possible. cssHorizontalMenu.vm [line 2, column 28]
Sun Oct 14 20:13:03 ART 2007  [error] RHS of #set statement is null. Context will not be modified. cssHorizontalMenu.vm [line 2, column 1]
Sun Oct 14 20:13:03 ART 2007  [error] Left side ($count) of addition operation has null value. Operation not possible. cssHorizontalMenu.vm [line 2, column 28]
Sun Oct 14 20:13:03 ART 2007  [error] RHS of #set statement is null. Context will not be modified. cssHorizontalMenu.vm [line 2, column 1]
Sun Oct 14 20:13:03 ART 2007  [error] Left side ($count) of '==' operation has null value. If a reference, it may not be in the context. Operation not possible. cssHorizontalMenu.vm [line 9, column 23]
Sun Oct 14 20:13:03 ART 2007  [error] Left side ($count) of '==' operation has null value. If a reference, it may not be in the context. Operation not possible. cssHorizontalMenu.vm [line 55, column 21]
Sun Oct 14 20:13:03 ART 2007  [error] Left side ($count) of addition operation has null value. Operation not possible. cssHorizontalMenu.vm [line 2, column 28]
Sun Oct 14 20:13:03 ART 2007  [error] RHS of #set statement is null. Context will not be modified. cssHorizontalMenu.vm [line 2, column 1]
Sun Oct 14 20:13:03 ART 2007  [error] Left side ($count) of '==' operation has null value. If a reference, it may not be in the context. Operation not possible. cssHorizontalMenu.vm [line 9, column 23]
Sun Oct 14 20:13:03 ART 2007  [error] Left side ($count) of '==' operation has null value. If a reference, it may not be in the context. Operation not possible. cssHorizontalMenu.vm [line 55, column 21]
Sun Oct 14 20:13:03 ART 2007  [error] Left side ($count) of addition operation has null value. Operation not possible. cssHorizontalMenu.vm [line 2, column 28]
Sun Oct 14 20:13:03 ART 2007  [error] RHS of #set statement is null. Context will not be modified. cssHorizontalMenu.vm [line 2, column 1]
Sun Oct 14 20:13:03 ART 2007  [error] Left side ($count) of '==' operation has null value. If a reference, it may not be in the context. Operation not possible. cssHorizontalMenu.vm [line 9, column 23]
Sun Oct 14 20:13:03 ART 2007  [error] Left side ($count) of '==' operation has null value. If a reference, it may not be in the context. Operation not possible. cssHorizontalMenu.vm [line 55, column 21]
Sun Oct 14 20:13:03 ART 2007  [error] Left side ($count) of addition operation has null value. Operation not possible. cssHorizontalMenu.vm [line 2, column 28]
Sun Oct 14 20:13:03 ART 2007  [error] RHS of #set statement is null. Context will not be modified. cssHorizontalMenu.vm [line 2, column 1]
Sun Oct 14 20:13:03 ART 2007  [error] Left side ($count) of addition operation has null value. Operation not possible. cssHorizontalMenu.vm [line 2, column 28]
Sun Oct 14 20:13:03 ART 2007  [error] RHS of #set statement is null. Context will not be modified. cssHorizontalMenu.vm [line 2, column 1]
Sun Oct 14 20:13:03 ART 2007  [error] Left side ($count) of '==' operation has null value. If a reference, it may not be in the context. Operation not possible. cssHorizontalMenu.vm [line 9, column 23]
Sun Oct 14 20:13:03 ART 2007  [error] Left side ($count) of '==' operation has null value. If a reference, it may not be in the context. Operation not possible. cssHorizontalMenu.vm [line 55, column 21]
Sun Oct 14 20:13:04 ART 2007   [info] Velocimacro : added new VM : #displayCssMenu( menu ) : source = cssVerticalMenu.vm
Sun Oct 14 20:13:04 ART 2007   [info] ResourceManager : found cssVerticalMenu.vm with loader org.apache.velocity.runtime.resource.loader.ClasspathResourceLoader
Sun Oct 14 20:13:04 ART 2007  [error] Left side ($count) of addition operation has null value. Operation not possible. cssHorizontalMenu.vm [line 2, column 28]
Sun Oct 14 20:13:04 ART 2007  [error] RHS of #set statement is null. Context will not be modified. cssHorizontalMenu.vm [line 2, column 1]
Sun Oct 14 20:13:04 ART 2007  [error] Left side ($count) of '==' operation has null value. If a reference, it may not be in the context. Operation not possible. cssHorizontalMenu.vm [line 9, column 23]
Sun Oct 14 20:13:04 ART 2007  [error] Left side ($count) of '==' operation has null value. If a reference, it may not be in the context. Operation not possible. cssHorizontalMenu.vm [line 55, column 21]
Sun Oct 14 20:13:04 ART 2007  [error] Left side ($count) of addition operation has null value. Operation not possible. cssHorizontalMenu.vm [line 2, column 28]
Sun Oct 14 20:13:04 ART 2007  [error] RHS of #set statement is null. Context will not be modified. cssHorizontalMenu.vm [line 2, column 1]
Sun Oct 14 20:13:04 ART 2007  [error] Left side ($count) of '==' operation has null value. If a reference, it may not be in the context. Operation not possible. cssHorizontalMenu.vm [line 9, column 23]
Sun Oct 14 20:13:04 ART 2007  [error] Left side ($count) of '==' operation has null value. If a reference, it may not be in the context. Operation not possible. cssHorizontalMenu.vm [line 55, column 21]
Sun Oct 14 20:13:04 ART 2007  [error] Left side ($count) of addition operation has null value. Operation not possible. cssHorizontalMenu.vm [line 2, column 28]
Sun Oct 14 20:13:04 ART 2007  [error] RHS of #set statement is null. Context will not be modified. cssHorizontalMenu.vm [line 2, column 1]
Sun Oct 14 20:13:04 ART 2007  [error] Left side ($count) of addition operation has null value. Operation not possible. cssHorizontalMenu.vm [line 2, column 28]
Sun Oct 14 20:13:04 ART 2007  [error] RHS of #set statement is null. Context will not be modified. cssHorizontalMenu.vm [line 2, column 1]
Sun Oct 14 20:13:04 ART 2007  [error] Left side ($count) of '==' operation has null value. If a reference, it may not be in the context. Operation not possible. cssHorizontalMenu.vm [line 9, column 23]
Sun Oct 14 20:13:04 ART 2007  [error] Left side ($count) of '==' operation has null value. If a reference, it may not be in the context. Operation not possible. cssHorizontalMenu.vm [line 55, column 21]
Sun Oct 14 20:13:05 ART 2007  [error] Left side ($count) of addition operation has null value. Operation not possible. cssHorizontalMenu.vm [line 2, column 28]
Sun Oct 14 20:13:05 ART 2007  [error] RHS of #set statement is null. Context will not be modified. cssHorizontalMenu.vm [line 2, column 1]
Sun Oct 14 20:13:05 ART 2007  [error] Left side ($count) of '==' operation has null value. If a reference, it may not be in the context. Operation not possible. cssHorizontalMenu.vm [line 9, column 23]
Sun Oct 14 20:13:05 ART 2007  [error] Left side ($count) of '==' operation has null value. If a reference, it may not be in the context. Operation not possible. cssHorizontalMenu.vm [line 55, column 21]
Sun Oct 14 20:13:05 ART 2007  [error] Left side ($count) of addition operation has null value. Operation not possible. cssHorizontalMenu.vm [line 2, column 28]
Sun Oct 14 20:13:05 ART 2007  [error] RHS of #set statement is null. Context will not be modified. cssHorizontalMenu.vm [line 2, column 1]
Sun Oct 14 20:13:05 ART 2007  [error] Left side ($count) of '==' operation has null value. If a reference, it may not be in the context. Operation not possible. cssHorizontalMenu.vm [line 9, column 23]
Sun Oct 14 20:13:05 ART 2007  [error] Left side ($count) of '==' operation has null value. If a reference, it may not be in the context. Operation not possible. cssHorizontalMenu.vm [line 55, column 21]
Sun Oct 14 20:13:05 ART 2007  [error] Left side ($count) of addition operation has null value. Operation not possible. cssHorizontalMenu.vm [line 2, column 28]
Sun Oct 14 20:13:05 ART 2007  [error] RHS of #set statement is null. Context will not be modified. cssHorizontalMenu.vm [line 2, column 1]
Sun Oct 14 20:13:05 ART 2007  [error] Left side ($count) of addition operation has null value. Operation not possible. cssHorizontalMenu.vm [line 2, column 28]
Sun Oct 14 20:13:05 ART 2007  [error] RHS of #set statement is null. Context will not be modified. cssHorizontalMenu.vm [line 2, column 1]
Sun Oct 14 20:13:05 ART 2007  [error] Left side ($count) of '==' operation has null value. If a reference, it may not be in the context. Operation not possible. cssHorizontalMenu.vm [line 9, column 23]
Sun Oct 14 20:13:05 ART 2007  [error] Left side ($count) of '==' operation has null value. If a reference, it may not be in the context. Operation not possible. cssHorizontalMenu.vm [line 55, column 21]
Sun Oct 14 20:13:05 ART 2007  [error] Left side ($count) of addition operation has null value. Operation not possible. cssHorizontalMenu.vm [line 2, column 28]
Sun Oct 14 20:13:05 ART 2007  [error] RHS of #set statement is null. Context will not be modified. cssHorizontalMenu.vm [line 2, column 1]
Sun Oct 14 20:13:05 ART 2007  [error] Left side ($count) of '==' operation has null value. If a reference, it may not be in the context. Operation not possible. cssHorizontalMenu.vm [line 9, column 23]
Sun Oct 14 20:13:05 ART 2007  [error] Left side ($count) of '==' operation has null value. If a reference, it may not be in the context. Operation not possible. cssHorizontalMenu.vm [line 55, column 21]
Sun Oct 14 20:13:05 ART 2007  [error] Left side ($count) of addition operation has null value. Operation not possible. cssHorizontalMenu.vm [line 2, column 28]
Sun Oct 14 20:13:05 ART 2007  [error] RHS of #set statement is null. Context will not be modified. cssHorizontalMenu.vm [line 2, column 1]
Sun Oct 14 20:13:05 ART 2007  [error] Left side ($count) of '==' operation has null value. If a reference, it may not be in the context. Operation not possible. cssHorizontalMenu.vm [line 9, column 23]
Sun Oct 14 20:13:05 ART 2007  [error] Left side ($count) of '==' operation has null value. If a reference, it may not be in the context. Operation not possible. cssHorizontalMenu.vm [line 55, column 21]
Sun Oct 14 20:13:05 ART 2007  [error] Left side ($count) of addition operation has null value. Operation not possible. cssHorizontalMenu.vm [line 2, column 28]
Sun Oct 14 20:13:05 ART 2007  [error] RHS of #set statement is null. Context will not be modified. cssHorizontalMenu.vm [line 2, column 1]
Sun Oct 14 20:13:05 ART 2007  [error] Left side ($count) of addition operation has null value. Operation not possible. cssHorizontalMenu.vm [line 2, column 28]
Sun Oct 14 20:13:05 ART 2007  [error] RHS of #set statement is null. Context will not be modified. cssHorizontalMenu.vm [line 2, column 1]
Sun Oct 14 20:13:05 ART 2007  [error] Left side ($count) of '==' operation has null value. If a reference, it may not be in the context. Operation not possible. cssHorizontalMenu.vm [line 9, column 23]
Sun Oct 14 20:13:05 ART 2007  [error] Left side ($count) of '==' operation has null value. If a reference, it may not be in the context. Operation not possible. cssHorizontalMenu.vm [line 55, column 21]
Sun Oct 14 20:13:06 ART 2007  [error] Left side ($count) of addition operation has null value. Operation not possible. cssHorizontalMenu.vm [line 2, column 28]
Sun Oct 14 20:13:06 ART 2007  [error] RHS of #set statement is null. Context will not be modified. cssHorizontalMenu.vm [line 2, column 1]
Sun Oct 14 20:13:06 ART 2007  [error] Left side ($count) of '==' operation has null value. If a reference, it may not be in the context. Operation not possible. cssHorizontalMenu.vm [line 9, column 23]
Sun Oct 14 20:13:06 ART 2007  [error] Left side ($count) of '==' operation has null value. If a reference, it may not be in the context. Operation not possible. cssHorizontalMenu.vm [line 55, column 21]
Sun Oct 14 20:13:06 ART 2007  [error] Left side ($count) of addition operation has null value. Operation not possible. cssHorizontalMenu.vm [line 2, column 28]
Sun Oct 14 20:13:06 ART 2007  [error] RHS of #set statement is null. Context will not be modified. cssHorizontalMenu.vm [line 2, column 1]
Sun Oct 14 20:13:06 ART 2007  [error] Left side ($count) of '==' operation has null value. If a reference, it may not be in the context. Operation not possible. cssHorizontalMenu.vm [line 9, column 23]
Sun Oct 14 20:13:06 ART 2007  [error] Left side ($count) of '==' operation has null value. If a reference, it may not be in the context. Operation not possible. cssHorizontalMenu.vm [line 55, column 21]
Sun Oct 14 20:13:06 ART 2007  [error] Left side ($count) of addition operation has null value. Operation not possible. cssHorizontalMenu.vm [line 2, column 28]
Sun Oct 14 20:13:06 ART 2007  [error] RHS of #set statement is null. Context will not be modified. cssHorizontalMenu.vm [line 2, column 1]
Sun Oct 14 20:13:06 ART 2007  [error] Left side ($count) of addition operation has null value. Operation not possible. cssHorizontalMenu.vm [line 2, column 28]
Sun Oct 14 20:13:06 ART 2007  [error] RHS of #set statement is null. Context will not be modified. cssHorizontalMenu.vm [line 2, column 1]
Sun Oct 14 20:13:06 ART 2007  [error] Left side ($count) of '==' operation has null value. If a reference, it may not be in the context. Operation not possible. cssHorizontalMenu.vm [line 9, column 23]
Sun Oct 14 20:13:06 ART 2007  [error] Left side ($count) of '==' operation has null value. If a reference, it may not be in the context. Operation not possible. cssHorizontalMenu.vm [line 55, column 21]
Sun Oct 14 20:13:06 ART 2007  [error] Left side ($count) of addition operation has null value. Operation not possible. cssHorizontalMenu.vm [line 2, column 28]
Sun Oct 14 20:13:06 ART 2007  [error] RHS of #set statement is null. Context will not be modified. cssHorizontalMenu.vm [line 2, column 1]
Sun Oct 14 20:13:06 ART 2007  [error] Left side ($count) of '==' operation has null value. If a reference, it may not be in the context. Operation not possible. cssHorizontalMenu.vm [line 9, column 23]
Sun Oct 14 20:13:06 ART 2007  [error] Left side ($count) of '==' operation has null value. If a reference, it may not be in the context. Operation not possible. cssHorizontalMenu.vm [line 55, column 21]
Sun Oct 14 20:13:06 ART 2007  [error] Left side ($count) of addition operation has null value. Operation not possible. cssHorizontalMenu.vm [line 2, column 28]
Sun Oct 14 20:13:06 ART 2007  [error] RHS of #set statement is null. Context will not be modified. cssHorizontalMenu.vm [line 2, column 1]
Sun Oct 14 20:13:06 ART 2007  [error] Left side ($count) of '==' operation has null value. If a reference, it may not be in the context. Operation not possible. cssHorizontalMenu.vm [line 9, column 23]
Sun Oct 14 20:13:06 ART 2007  [error] Left side ($count) of '==' operation has null value. If a reference, it may not be in the context. Operation not possible. cssHorizontalMenu.vm [line 55, column 21]
Sun Oct 14 20:13:06 ART 2007  [error] Left side ($count) of addition operation has null value. Operation not possible. cssHorizontalMenu.vm [line 2, column 28]
Sun Oct 14 20:13:06 ART 2007  [error] RHS of #set statement is null. Context will not be modified. cssHorizontalMenu.vm [line 2, column 1]
Sun Oct 14 20:13:06 ART 2007  [error] Left side ($count) of addition operation has null value. Operation not possible. cssHorizontalMenu.vm [line 2, column 28]
Sun Oct 14 20:13:06 ART 2007  [error] RHS of #set statement is null. Context will not be modified. cssHorizontalMenu.vm [line 2, column 1]
Sun Oct 14 20:13:06 ART 2007  [error] Left side ($count) of '==' operation has null value. If a reference, it may not be in the context. Operation not possible. cssHorizontalMenu.vm [line 9, column 23]
Sun Oct 14 20:13:06 ART 2007  [error] Left side ($count) of '==' operation has null value. If a reference, it may not be in the context. Operation not possible. cssHorizontalMenu.vm [line 55, column 21]
Sun Oct 14 20:13:06 ART 2007  [error] Left side ($count) of addition operation has null value. Operation not possible. cssHorizontalMenu.vm [line 2, column 28]
Sun Oct 14 20:13:06 ART 2007  [error] RHS of #set statement is null. Context will not be modified. cssHorizontalMenu.vm [line 2, column 1]
Sun Oct 14 20:13:06 ART 2007  [error] Left side ($count) of '==' operation has null value. If a reference, it may not be in the context. Operation not possible. cssHorizontalMenu.vm [line 9, column 23]
Sun Oct 14 20:13:06 ART 2007  [error] Left side ($count) of '==' operation has null value. If a reference, it may not be in the context. Operation not possible. cssHorizontalMenu.vm [line 55, column 21]
Sun Oct 14 20:13:06 ART 2007  [error] Left side ($count) of addition operation has null value. Operation not possible. cssHorizontalMenu.vm [line 2, column 28]
Sun Oct 14 20:13:06 ART 2007  [error] RHS of #set statement is null. Context will not be modified. cssHorizontalMenu.vm [line 2, column 1]
Sun Oct 14 20:13:06 ART 2007  [error] Left side ($count) of '==' operation has null value. If a reference, it may not be in the context. Operation not possible. cssHorizontalMenu.vm [line 9, column 23]
Sun Oct 14 20:13:06 ART 2007  [error] Left side ($count) of '==' operation has null value. If a reference, it may not be in the context. Operation not possible. cssHorizontalMenu.vm [line 55, column 21]
Sun Oct 14 20:13:06 ART 2007  [error] Left side ($count) of addition operation has null value. Operation not possible. cssHorizontalMenu.vm [line 2, column 28]
Sun Oct 14 20:13:06 ART 2007  [error] RHS of #set statement is null. Context will not be modified. cssHorizontalMenu.vm [line 2, column 1]
Sun Oct 14 20:13:06 ART 2007  [error] Left side ($count) of addition operation has null value. Operation not possible. cssHorizontalMenu.vm [line 2, column 28]
Sun Oct 14 20:13:06 ART 2007  [error] RHS of #set statement is null. Context will not be modified. cssHorizontalMenu.vm [line 2, column 1]
Sun Oct 14 20:13:06 ART 2007  [error] Left side ($count) of '==' operation has null value. If a reference, it may not be in the context. Operation not possible. cssHorizontalMenu.vm [line 9, column 23]
Sun Oct 14 20:13:06 ART 2007  [error] Left side ($count) of '==' operation has null value. If a reference, it may not be in the context. Operation not possible. cssHorizontalMenu.vm [line 55, column 21]
Sun Oct 14 20:13:08 ART 2007  [error] Left side ($count) of addition operation has null value. Operation not possible. cssHorizontalMenu.vm [line 2, column 28]
Sun Oct 14 20:13:08 ART 2007  [error] RHS of #set statement is null. Context will not be modified. cssHorizontalMenu.vm [line 2, column 1]
Sun Oct 14 20:13:08 ART 2007  [error] Left side ($count) of '==' operation has null value. If a reference, it may not be in the context. Operation not possible. cssHorizontalMenu.vm [line 9, column 23]
Sun Oct 14 20:13:08 ART 2007  [error] Left side ($count) of '==' operation has null value. If a reference, it may not be in the context. Operation not possible. cssHorizontalMenu.vm [line 55, column 21]
Sun Oct 14 20:13:08 ART 2007  [error] Left side ($count) of addition operation has null value. Operation not possible. cssHorizontalMenu.vm [line 2, column 28]
Sun Oct 14 20:13:08 ART 2007  [error] RHS of #set statement is null. Context will not be modified. cssHorizontalMenu.vm [line 2, column 1]
Sun Oct 14 20:13:08 ART 2007  [error] Left side ($count) of '==' operation has null value. If a reference, it may not be in the context. Operation not possible. cssHorizontalMenu.vm [line 9, column 23]
Sun Oct 14 20:13:08 ART 2007  [error] Left side ($count) of '==' operation has null value. If a reference, it may not be in the context. Operation not possible. cssHorizontalMenu.vm [line 55, column 21]
Sun Oct 14 20:13:08 ART 2007  [error] Left side ($count) of addition operation has null value. Operation not possible. cssHorizontalMenu.vm [line 2, column 28]
Sun Oct 14 20:13:08 ART 2007  [error] RHS of #set statement is null. Context will not be modified. cssHorizontalMenu.vm [line 2, column 1]
Sun Oct 14 20:13:08 ART 2007  [error] Left side ($count) of addition operation has null value. Operation not possible. cssHorizontalMenu.vm [line 2, column 28]
Sun Oct 14 20:13:08 ART 2007  [error] RHS of #set statement is null. Context will not be modified. cssHorizontalMenu.vm [line 2, column 1]
Sun Oct 14 20:13:08 ART 2007  [error] Left side ($count) of '==' operation has null value. If a reference, it may not be in the context. Operation not possible. cssHorizontalMenu.vm [line 9, column 23]
Sun Oct 14 20:13:08 ART 2007  [error] Left side ($count) of '==' operation has null value. If a reference, it may not be in the context. Operation not possible. cssHorizontalMenu.vm [line 55, column 21]
Sun Oct 14 20:13:08 ART 2007  [error] Left side ($count) of addition operation has null value. Operation not possible. cssHorizontalMenu.vm [line 2, column 28]
Sun Oct 14 20:13:08 ART 2007  [error] RHS of #set statement is null. Context will not be modified. cssHorizontalMenu.vm [line 2, column 1]
Sun Oct 14 20:13:08 ART 2007  [error] Left side ($count) of '==' operation has null value. If a reference, it may not be in the context. Operation not possible. cssHorizontalMenu.vm [line 9, column 23]
Sun Oct 14 20:13:08 ART 2007  [error] Left side ($count) of '==' operation has null value. If a reference, it may not be in the context. Operation not possible. cssHorizontalMenu.vm [line 55, column 21]
Sun Oct 14 20:13:08 ART 2007  [error] Left side ($count) of addition operation has null value. Operation not possible. cssHorizontalMenu.vm [line 2, column 28]
Sun Oct 14 20:13:08 ART 2007  [error] RHS of #set statement is null. Context will not be modified. cssHorizontalMenu.vm [line 2, column 1]
Sun Oct 14 20:13:08 ART 2007  [error] Left side ($count) of '==' operation has null value. If a reference, it may not be in the context. Operation not possible. cssHorizontalMenu.vm [line 9, column 23]
Sun Oct 14 20:13:08 ART 2007  [error] Left side ($count) of '==' operation has null value. If a reference, it may not be in the context. Operation not possible. cssHorizontalMenu.vm [line 55, column 21]
Sun Oct 14 20:13:08 ART 2007  [error] Left side ($count) of addition operation has null value. Operation not possible. cssHorizontalMenu.vm [line 2, column 28]
Sun Oct 14 20:13:08 ART 2007  [error] RHS of #set statement is null. Context will not be modified. cssHorizontalMenu.vm [line 2, column 1]
Sun Oct 14 20:13:08 ART 2007  [error] Left side ($count) of addition operation has null value. Operation not possible. cssHorizontalMenu.vm [line 2, column 28]
Sun Oct 14 20:13:08 ART 2007  [error] RHS of #set statement is null. Context will not be modified. cssHorizontalMenu.vm [line 2, column 1]
Sun Oct 14 20:13:08 ART 2007  [error] Left side ($count) of '==' operation has null value. If a reference, it may not be in the context. Operation not possible. cssHorizontalMenu.vm [line 9, column 23]
Sun Oct 14 20:13:08 ART 2007  [error] Left side ($count) of '==' operation has null value. If a reference, it may not be in the context. Operation not possible. cssHorizontalMenu.vm [line 55, column 21]
Sun Oct 14 20:13:09 ART 2007  [error] Left side ($count) of addition operation has null value. Operation not possible. cssHorizontalMenu.vm [line 2, column 28]
Sun Oct 14 20:13:09 ART 2007  [error] RHS of #set statement is null. Context will not be modified. cssHorizontalMenu.vm [line 2, column 1]
Sun Oct 14 20:13:09 ART 2007  [error] Left side ($count) of '==' operation has null value. If a reference, it may not be in the context. Operation not possible. cssHorizontalMenu.vm [line 9, column 23]
Sun Oct 14 20:13:09 ART 2007  [error] Left side ($count) of '==' operation has null value. If a reference, it may not be in the context. Operation not possible. cssHorizontalMenu.vm [line 55, column 21]
Sun Oct 14 20:13:09 ART 2007  [error] Left side ($count) of addition operation has null value. Operation not possible. cssHorizontalMenu.vm [line 2, column 28]
Sun Oct 14 20:13:09 ART 2007  [error] RHS of #set statement is null. Context will not be modified. cssHorizontalMenu.vm [line 2, column 1]
Sun Oct 14 20:13:09 ART 2007  [error] Left side ($count) of '==' operation has null value. If a reference, it may not be in the context. Operation not possible. cssHorizontalMenu.vm [line 9, column 23]
Sun Oct 14 20:13:09 ART 2007  [error] Left side ($count) of '==' operation has null value. If a reference, it may not be in the context. Operation not possible. cssHorizontalMenu.vm [line 55, column 21]
Sun Oct 14 20:13:09 ART 2007  [error] Left side ($count) of addition operation has null value. Operation not possible. cssHorizontalMenu.vm [line 2, column 28]
Sun Oct 14 20:13:09 ART 2007  [error] RHS of #set statement is null. Context will not be modified. cssHorizontalMenu.vm [line 2, column 1]
Sun Oct 14 20:13:09 ART 2007  [error] Left side ($count) of addition operation has null value. Operation not possible. cssHorizontalMenu.vm [line 2, column 28]
Sun Oct 14 20:13:09 ART 2007  [error] RHS of #set statement is null. Context will not be modified. cssHorizontalMenu.vm [line 2, column 1]
Sun Oct 14 20:13:09 ART 2007  [error] Left side ($count) of '==' operation has null value. If a reference, it may not be in the context. Operation not possible. cssHorizontalMenu.vm [line 9, column 23]
Sun Oct 14 20:13:09 ART 2007  [error] Left side ($count) of '==' operation has null value. If a reference, it may not be in the context. Operation not possible. cssHorizontalMenu.vm [line 55, column 21]
Sun Oct 14 20:13:09 ART 2007  [error] Left side ($count) of addition operation has null value. Operation not possible. cssHorizontalMenu.vm [line 2, column 28]
Sun Oct 14 20:13:09 ART 2007  [error] RHS of #set statement is null. Context will not be modified. cssHorizontalMenu.vm [line 2, column 1]
Sun Oct 14 20:13:09 ART 2007  [error] Left side ($count) of '==' operation has null value. If a reference, it may not be in the context. Operation not possible. cssHorizontalMenu.vm [line 9, column 23]
Sun Oct 14 20:13:09 ART 2007  [error] Left side ($count) of '==' operation has null value. If a reference, it may not be in the context. Operation not possible. cssHorizontalMenu.vm [line 55, column 21]
Sun Oct 14 20:13:09 ART 2007  [error] Left side ($count) of addition operation has null value. Operation not possible. cssHorizontalMenu.vm [line 2, column 28]
Sun Oct 14 20:13:09 ART 2007  [error] RHS of #set statement is null. Context will not be modified. cssHorizontalMenu.vm [line 2, column 1]
Sun Oct 14 20:13:09 ART 2007  [error] Left side ($count) of '==' operation has null value. If a reference, it may not be in the context. Operation not possible. cssHorizontalMenu.vm [line 9, column 23]
Sun Oct 14 20:13:09 ART 2007  [error] Left side ($count) of '==' operation has null value. If a reference, it may not be in the context. Operation not possible. cssHorizontalMenu.vm [line 55, column 21]
Sun Oct 14 20:13:09 ART 2007  [error] Left side ($count) of addition operation has null value. Operation not possible. cssHorizontalMenu.vm [line 2, column 28]
Sun Oct 14 20:13:09 ART 2007  [error] RHS of #set statement is null. Context will not be modified. cssHorizontalMenu.vm [line 2, column 1]
Sun Oct 14 20:13:09 ART 2007  [error] Left side ($count) of addition operation has null value. Operation not possible. cssHorizontalMenu.vm [line 2, column 28]
Sun Oct 14 20:13:09 ART 2007  [error] RHS of #set statement is null. Context will not be modified. cssHorizontalMenu.vm [line 2, column 1]
Sun Oct 14 20:13:09 ART 2007  [error] Left side ($count) of '==' operation has null value. If a reference, it may not be in the context. Operation not possible. cssHorizontalMenu.vm [line 9, column 23]
Sun Oct 14 20:13:09 ART 2007  [error] Left side ($count) of '==' operation has null value. If a reference, it may not be in the context. Operation not possible. cssHorizontalMenu.vm [line 55, column 21]
Sun Oct 14 20:13:09 ART 2007  [error] Left side ($count) of addition operation has null value. Operation not possible. cssHorizontalMenu.vm [line 2, column 28]
Sun Oct 14 20:13:09 ART 2007  [error] RHS of #set statement is null. Context will not be modified. cssHorizontalMenu.vm [line 2, column 1]
Sun Oct 14 20:13:09 ART 2007  [error] Left side ($count) of '==' operation has null value. If a reference, it may not be in the context. Operation not possible. cssHorizontalMenu.vm [line 9, column 23]
Sun Oct 14 20:13:09 ART 2007  [error] Left side ($count) of '==' operation has null value. If a reference, it may not be in the context. Operation not possible. cssHorizontalMenu.vm [line 55, column 21]
Sun Oct 14 20:13:09 ART 2007  [error] Left side ($count) of addition operation has null value. Operation not possible. cssHorizontalMenu.vm [line 2, column 28]
Sun Oct 14 20:13:09 ART 2007  [error] RHS of #set statement is null. Context will not be modified. cssHorizontalMenu.vm [line 2, column 1]
Sun Oct 14 20:13:09 ART 2007  [error] Left side ($count) of '==' operation has null value. If a reference, it may not be in the context. Operation not possible. cssHorizontalMenu.vm [line 9, column 23]
Sun Oct 14 20:13:09 ART 2007  [error] Left side ($count) of '==' operation has null value. If a reference, it may not be in the context. Operation not possible. cssHorizontalMenu.vm [line 55, column 21]
Sun Oct 14 20:13:09 ART 2007  [error] Left side ($count) of addition operation has null value. Operation not possible. cssHorizontalMenu.vm [line 2, column 28]
Sun Oct 14 20:13:09 ART 2007  [error] RHS of #set statement is null. Context will not be modified. cssHorizontalMenu.vm [line 2, column 1]
Sun Oct 14 20:13:09 ART 2007  [error] Left side ($count) of addition operation has null value. Operation not possible. cssHorizontalMenu.vm [line 2, column 28]
Sun Oct 14 20:13:09 ART 2007  [error] RHS of #set statement is null. Context will not be modified. cssHorizontalMenu.vm [line 2, column 1]
Sun Oct 14 20:13:09 ART 2007  [error] Left side ($count) of '==' operation has null value. If a reference, it may not be in the context. Operation not possible. cssHorizontalMenu.vm [line 9, column 23]
Sun Oct 14 20:13:09 ART 2007  [error] Left side ($count) of '==' operation has null value. If a reference, it may not be in the context. Operation not possible. cssHorizontalMenu.vm [line 55, column 21]
Sun Oct 14 20:13:10 ART 2007  [error] Left side ($count) of addition operation has null value. Operation not possible. cssHorizontalMenu.vm [line 2, column 28]
Sun Oct 14 20:13:10 ART 2007  [error] RHS of #set statement is null. Context will not be modified. cssHorizontalMenu.vm [line 2, column 1]
Sun Oct 14 20:13:10 ART 2007  [error] Left side ($count) of '==' operation has null value. If a reference, it may not be in the context. Operation not possible. cssHorizontalMenu.vm [line 9, column 23]
Sun Oct 14 20:13:10 ART 2007  [error] Left side ($count) of '==' operation has null value. If a reference, it may not be in the context. Operation not possible. cssHorizontalMenu.vm [line 55, column 21]
Sun Oct 14 20:13:10 ART 2007  [error] Left side ($count) of addition operation has null value. Operation not possible. cssHorizontalMenu.vm [line 2, column 28]
Sun Oct 14 20:13:10 ART 2007  [error] RHS of #set statement is null. Context will not be modified. cssHorizontalMenu.vm [line 2, column 1]
Sun Oct 14 20:13:10 ART 2007  [error] Left side ($count) of '==' operation has null value. If a reference, it may not be in the context. Operation not possible. cssHorizontalMenu.vm [line 9, column 23]
Sun Oct 14 20:13:10 ART 2007  [error] Left side ($count) of '==' operation has null value. If a reference, it may not be in the context. Operation not possible. cssHorizontalMenu.vm [line 55, column 21]
Sun Oct 14 20:13:10 ART 2007  [error] Left side ($count) of addition operation has null value. Operation not possible. cssHorizontalMenu.vm [line 2, column 28]
Sun Oct 14 20:13:10 ART 2007  [error] RHS of #set statement is null. Context will not be modified. cssHorizontalMenu.vm [line 2, column 1]
Sun Oct 14 20:13:10 ART 2007  [error] Left side ($count) of addition operation has null value. Operation not possible. cssHorizontalMenu.vm [line 2, column 28]
Sun Oct 14 20:13:10 ART 2007  [error] RHS of #set statement is null. Context will not be modified. cssHorizontalMenu.vm [line 2, column 1]
Sun Oct 14 20:13:10 ART 2007  [error] Left side ($count) of '==' operation has null value. If a reference, it may not be in the context. Operation not possible. cssHorizontalMenu.vm [line 9, column 23]
Sun Oct 14 20:13:10 ART 2007  [error] Left side ($count) of '==' operation has null value. If a reference, it may not be in the context. Operation not possible. cssHorizontalMenu.vm [line 55, column 21]
Sun Oct 14 20:13:10 ART 2007  [error] Left side ($count) of addition operation has null value. Operation not possible. cssHorizontalMenu.vm [line 2, column 28]
Sun Oct 14 20:13:10 ART 2007  [error] RHS of #set statement is null. Context will not be modified. cssHorizontalMenu.vm [line 2, column 1]
Sun Oct 14 20:13:10 ART 2007  [error] Left side ($count) of '==' operation has null value. If a reference, it may not be in the context. Operation not possible. cssHorizontalMenu.vm [line 9, column 23]
Sun Oct 14 20:13:10 ART 2007  [error] Left side ($count) of '==' operation has null value. If a reference, it may not be in the context. Operation not possible. cssHorizontalMenu.vm [line 55, column 21]
Sun Oct 14 20:13:10 ART 2007  [error] Left side ($count) of addition operation has null value. Operation not possible. cssHorizontalMenu.vm [line 2, column 28]
Sun Oct 14 20:13:10 ART 2007  [error] RHS of #set statement is null. Context will not be modified. cssHorizontalMenu.vm [line 2, column 1]
Sun Oct 14 20:13:10 ART 2007  [error] Left side ($count) of '==' operation has null value. If a reference, it may not be in the context. Operation not possible. cssHorizontalMenu.vm [line 9, column 23]
Sun Oct 14 20:13:10 ART 2007  [error] Left side ($count) of '==' operation has null value. If a reference, it may not be in the context. Operation not possible. cssHorizontalMenu.vm [line 55, column 21]
Sun Oct 14 20:13:10 ART 2007  [error] Left side ($count) of addition operation has null value. Operation not possible. cssHorizontalMenu.vm [line 2, column 28]
Sun Oct 14 20:13:10 ART 2007  [error] RHS of #set statement is null. Context will not be modified. cssHorizontalMenu.vm [line 2, column 1]
Sun Oct 14 20:13:10 ART 2007  [error] Left side ($count) of addition operation has null value. Operation not possible. cssHorizontalMenu.vm [line 2, column 28]
Sun Oct 14 20:13:10 ART 2007  [error] RHS of #set statement is null. Context will not be modified. cssHorizontalMenu.vm [line 2, column 1]
Sun Oct 14 20:13:10 ART 2007  [error] Left side ($count) of '==' operation has null value. If a reference, it may not be in the context. Operation not possible. cssHorizontalMenu.vm [line 9, column 23]
Sun Oct 14 20:13:10 ART 2007  [error] Left side ($count) of '==' operation has null value. If a reference, it may not be in the context. Operation not possible. cssHorizontalMenu.vm [line 55, column 21]
Sun Oct 14 20:13:11 ART 2007  [error] Left side ($count) of addition operation has null value. Operation not possible. cssHorizontalMenu.vm [line 2, column 28]
Sun Oct 14 20:13:11 ART 2007  [error] RHS of #set statement is null. Context will not be modified. cssHorizontalMenu.vm [line 2, column 1]
Sun Oct 14 20:13:11 ART 2007  [error] Left side ($count) of '==' operation has null value. If a reference, it may not be in the context. Operation not possible. cssHorizontalMenu.vm [line 9, column 23]
Sun Oct 14 20:13:11 ART 2007  [error] Left side ($count) of '==' operation has null value. If a reference, it may not be in the context. Operation not possible. cssHorizontalMenu.vm [line 55, column 21]
Sun Oct 14 20:13:11 ART 2007  [error] Left side ($count) of addition operation has null value. Operation not possible. cssHorizontalMenu.vm [line 2, column 28]
Sun Oct 14 20:13:11 ART 2007  [error] RHS of #set statement is null. Context will not be modified. cssHorizontalMenu.vm [line 2, column 1]
Sun Oct 14 20:13:11 ART 2007  [error] Left side ($count) of '==' operation has null value. If a reference, it may not be in the context. Operation not possible. cssHorizontalMenu.vm [line 9, column 23]
Sun Oct 14 20:13:11 ART 2007  [error] Left side ($count) of '==' operation has null value. If a reference, it may not be in the context. Operation not possible. cssHorizontalMenu.vm [line 55, column 21]
Sun Oct 14 20:13:11 ART 2007  [error] Left side ($count) of addition operation has null value. Operation not possible. cssHorizontalMenu.vm [line 2, column 28]
Sun Oct 14 20:13:11 ART 2007  [error] RHS of #set statement is null. Context will not be modified. cssHorizontalMenu.vm [line 2, column 1]
Sun Oct 14 20:13:11 ART 2007  [error] Left side ($count) of addition operation has null value. Operation not possible. cssHorizontalMenu.vm [line 2, column 28]
Sun Oct 14 20:13:11 ART 2007  [error] RHS of #set statement is null. Context will not be modified. cssHorizontalMenu.vm [line 2, column 1]
Sun Oct 14 20:13:11 ART 2007  [error] Left side ($count) of '==' operation has null value. If a reference, it may not be in the context. Operation not possible. cssHorizontalMenu.vm [line 9, column 23]
Sun Oct 14 20:13:11 ART 2007  [error] Left side ($count) of '==' operation has null value. If a reference, it may not be in the context. Operation not possible. cssHorizontalMenu.vm [line 55, column 21]
Sun Oct 14 20:13:11 ART 2007  [error] Left side ($count) of addition operation has null value. Operation not possible. cssHorizontalMenu.vm [line 2, column 28]
Sun Oct 14 20:13:11 ART 2007  [error] RHS of #set statement is null. Context will not be modified. cssHorizontalMenu.vm [line 2, column 1]
Sun Oct 14 20:13:11 ART 2007  [error] Left side ($count) of '==' operation has null value. If a reference, it may not be in the context. Operation not possible. cssHorizontalMenu.vm [line 9, column 23]
Sun Oct 14 20:13:11 ART 2007  [error] Left side ($count) of '==' operation has null value. If a reference, it may not be in the context. Operation not possible. cssHorizontalMenu.vm [line 55, column 21]
Sun Oct 14 20:13:11 ART 2007  [error] Left side ($count) of addition operation has null value. Operation not possible. cssHorizontalMenu.vm [line 2, column 28]
Sun Oct 14 20:13:11 ART 2007  [error] RHS of #set statement is null. Context will not be modified. cssHorizontalMenu.vm [line 2, column 1]
Sun Oct 14 20:13:11 ART 2007  [error] Left side ($count) of '==' operation has null value. If a reference, it may not be in the context. Operation not possible. cssHorizontalMenu.vm [line 9, column 23]
Sun Oct 14 20:13:11 ART 2007  [error] Left side ($count) of '==' operation has null value. If a reference, it may not be in the context. Operation not possible. cssHorizontalMenu.vm [line 55, column 21]
Sun Oct 14 20:13:11 ART 2007  [error] Left side ($count) of addition operation has null value. Operation not possible. cssHorizontalMenu.vm [line 2, column 28]
Sun Oct 14 20:13:11 ART 2007  [error] RHS of #set statement is null. Context will not be modified. cssHorizontalMenu.vm [line 2, column 1]
Sun Oct 14 20:13:11 ART 2007  [error] Left side ($count) of addition operation has null value. Operation not possible. cssHorizontalMenu.vm [line 2, column 28]
Sun Oct 14 20:13:11 ART 2007  [error] RHS of #set statement is null. Context will not be modified. cssHorizontalMenu.vm [line 2, column 1]
Sun Oct 14 20:13:11 ART 2007  [error] Left side ($count) of '==' operation has null value. If a reference, it may not be in the context. Operation not possible. cssHorizontalMenu.vm [line 9, column 23]
Sun Oct 14 20:13:11 ART 2007  [error] Left side ($count) of '==' operation has null value. If a reference, it may not be in the context. Operation not possible. cssHorizontalMenu.vm [line 55, column 21]
Sun Oct 14 20:13:12 ART 2007  [error] Left side ($count) of addition operation has null value. Operation not possible. cssHorizontalMenu.vm [line 2, column 28]
Sun Oct 14 20:13:12 ART 2007  [error] RHS of #set statement is null. Context will not be modified. cssHorizontalMenu.vm [line 2, column 1]
Sun Oct 14 20:13:12 ART 2007  [error] Left side ($count) of '==' operation has null value. If a reference, it may not be in the context. Operation not possible. cssHorizontalMenu.vm [line 9, column 23]
Sun Oct 14 20:13:12 ART 2007  [error] Left side ($count) of '==' operation has null value. If a reference, it may not be in the context. Operation not possible. cssHorizontalMenu.vm [line 55, column 21]
Sun Oct 14 20:13:12 ART 2007  [error] Left side ($count) of addition operation has null value. Operation not possible. cssHorizontalMenu.vm [line 2, column 28]
Sun Oct 14 20:13:12 ART 2007  [error] RHS of #set statement is null. Context will not be modified. cssHorizontalMenu.vm [line 2, column 1]
Sun Oct 14 20:13:12 ART 2007  [error] Left side ($count) of '==' operation has null value. If a reference, it may not be in the context. Operation not possible. cssHorizontalMenu.vm [line 9, column 23]
Sun Oct 14 20:13:12 ART 2007  [error] Left side ($count) of '==' operation has null value. If a reference, it may not be in the context. Operation not possible. cssHorizontalMenu.vm [line 55, column 21]
Sun Oct 14 20:13:12 ART 2007  [error] Left side ($count) of addition operation has null value. Operation not possible. cssHorizontalMenu.vm [line 2, column 28]
Sun Oct 14 20:13:12 ART 2007  [error] RHS of #set statement is null. Context will not be modified. cssHorizontalMenu.vm [line 2, column 1]
Sun Oct 14 20:13:12 ART 2007  [error] Left side ($count) of addition operation has null value. Operation not possible. cssHorizontalMenu.vm [line 2, column 28]
Sun Oct 14 20:13:12 ART 2007  [error] RHS of #set statement is null. Context will not be modified. cssHorizontalMenu.vm [line 2, column 1]
Sun Oct 14 20:13:12 ART 2007  [error] Left side ($count) of '==' operation has null value. If a reference, it may not be in the context. Operation not possible. cssHorizontalMenu.vm [line 9, column 23]
Sun Oct 14 20:13:12 ART 2007  [error] Left side ($count) of '==' operation has null value. If a reference, it may not be in the context. Operation not possible. cssHorizontalMenu.vm [line 55, column 21]
